[${ROUTINGKEY} INFO ] 2023-12-29 10:45:07.824 Hooks:50 - Failed Scenario Name : LIN - 22195 - Application crash : When we delete the repeat order item
[${ROUTINGKEY} INFO ] 2023-12-29 10:58:45.659 Hooks:50 - Failed Scenario Name : LIN - 22195 - Application crash : When we delete the repeat order item
[${ROUTINGKEY} INFO ] 2023-12-29 11:19:28.698 Hooks:50 - Failed Scenario Name : LIN - 22195 - Application crash : When we delete the repeat order item
[${ROUTINGKEY} INFO ] 2023-12-29 11:30:06.792 Hooks:50 - Failed Scenario Name : LIN - 22195 - Application crash : When we delete the repeat order item
[${ROUTINGKEY} INFO ] 2023-12-29 11:35:46.210 OrderManagementScreen:991 - Paid Amount Value is SAME - $ 0.00
[${ROUTINGKEY} INFO ] 2023-12-29 11:35:58.546 Hooks:50 - Failed Scenario Name : LIN-22594 - Gratuity amounts disappears from the check in the following scenario
[${ROUTINGKEY} INFO ] 2023-12-29 11:40:40.997 OrderManagementScreen:991 - Paid Amount Value is SAME - $ 0.00
[${ROUTINGKEY} INFO ] 2023-12-29 11:40:53.728 Hooks:50 - Failed Scenario Name : LIN-22594 - Gratuity amounts disappears from the check in the following scenario
[${ROUTINGKEY} INFO ] 2023-12-29 11:43:46.191 OrderManagementScreen:991 - Paid Amount Value is SAME - $ 0.00
[${ROUTINGKEY} INFO ] 2023-12-29 11:43:58.693 OrderManagementScreen:1025 - Cash Price Value is SAME - $ 3.95
[${ROUTINGKEY} INFO ] 2023-12-29 11:43:58.733 OrderManagementScreen:991 - Paid Amount Value is SAME - $ 3.76
[${ROUTINGKEY} INFO ] 2023-12-29 11:46:52.522 Hooks:50 - Failed Scenario Name : LIN-22815 - Allow to save more that 140 characters in customer notes after alert message in customer profile.
[${ROUTINGKEY} INFO ] 2023-12-29 11:49:25.295 Hooks:50 - Failed Scenario Name : LIN-22815 - Allow to save more that 140 characters in customer notes after alert message in customer profile.
[${ROUTINGKEY} INFO ] 2023-12-29 11:52:02.814 Hooks:50 - Failed Scenario Name : LIN-22815 - Allow to save more that 140 characters in customer notes after alert message in customer profile.
[${ROUTINGKEY} INFO ] 2023-12-29 11:55:02.506 Hooks:50 - Failed Scenario Name : LIN-22815 - Allow to save more that 140 characters in customer notes after alert message in customer profile.
[${ROUTINGKEY} INFO ] 2023-12-29 11:57:46.624 PaymentWindow:907 - Customer notes - 
[${ROUTINGKEY} INFO ] 2023-12-29 11:57:52.834 Hooks:50 - Failed Scenario Name : LIN-22815 - Allow to save more that 140 characters in customer notes after alert message in customer profile.
[${ROUTINGKEY} INFO ] 2023-12-29 12:00:18.621 PaymentWindow:907 - Customer notes - 
[${ROUTINGKEY} INFO ] 2023-12-29 12:00:33.159 Hooks:50 - Failed Scenario Name : LIN-22815 - Allow to save more that 140 characters in customer notes after alert message in customer profile.
[${ROUTINGKEY} INFO ] 2023-12-29 12:10:02.952 PaymentWindow:907 - Customer notes - 
[${ROUTINGKEY} INFO ] 2023-12-29 12:10:28.622 Hooks:50 - Failed Scenario Name : LIN-22815 - Allow to save more that 140 characters in customer notes after alert message in customer profile.
[${ROUTINGKEY} INFO ] 2023-12-29 12:17:22.324 PaymentWindow:907 - Customer notes - 
[${ROUTINGKEY} INFO ] 2023-12-29 12:20:54.612 PaymentWindow:907 - Customer notes - 
[${ROUTINGKEY} INFO ] 2023-12-29 12:23:27.867 Hooks:50 - Failed Scenario Name : Application gets crashed when scroll the category/service type/suggestive search
[${ROUTINGKEY} INFO ] 2023-12-29 12:31:02.936 Hooks:50 - Failed Scenario Name : Cashier Out From Till Management Screen
[${ROUTINGKEY} INFO ] 2023-12-29 12:31:03.292 Hooks:50 - Failed Scenario Name : Refund
[${ROUTINGKEY} INFO ] 2023-12-29 12:31:03.546 Hooks:50 - Failed Scenario Name : Global Till ( PAY IN, PAy Out )
[${ROUTINGKEY} INFO ] 2023-12-29 12:31:03.649 Hooks:50 - Failed Scenario Name : Verify the Pay in, Payout, Audit, Single cashier out, Close the day for the current business day(Clock in, start till(user till, Global till))
[${ROUTINGKEY} INFO ] 2023-12-29 12:31:03.809 Hooks:50 - Failed Scenario Name : Added tip is Correct or not
[${ROUTINGKEY} INFO ] 2023-12-29 12:31:07.915 Hooks:50 - Failed Scenario Name : Bussiness Date Verify with Close day window Date
[${ROUTINGKEY} INFO ] 2023-12-29 12:31:08.028 Hooks:50 - Failed Scenario Name : Cashier OUT PULL Request
[${ROUTINGKEY} INFO ] 2023-12-29 12:31:08.178 Hooks:50 - Failed Scenario Name : User Till
[${ROUTINGKEY} INFO ] 2023-12-29 12:31:08.313 Hooks:50 - Failed Scenario Name : Global Till
[${ROUTINGKEY} INFO ] 2023-12-29 12:31:08.430 Hooks:50 - Failed Scenario Name : Verify the Cash Discount charge for the check
[${ROUTINGKEY} INFO ] 2023-12-29 12:31:08.545 Hooks:50 - Failed Scenario Name : Transfer Item from one Check to another Check
[${ROUTINGKEY} INFO ] 2023-12-29 12:31:08.642 Hooks:50 - Failed Scenario Name : Transfer To Table from one Check to another Check
[${ROUTINGKEY} INFO ] 2023-12-29 12:31:08.732 Hooks:50 - Failed Scenario Name : Verify the "Transfer to Server" from one check to another check
[${ROUTINGKEY} INFO ] 2023-12-29 12:31:08.800 Hooks:50 - Failed Scenario Name : Other than Cash Payment
[${ROUTINGKEY} INFO ] 2023-12-29 12:31:08.879 Hooks:50 - Failed Scenario Name : Item Service charge (Item Service Charge With Tax )
[${ROUTINGKEY} INFO ] 2023-12-29 12:31:08.958 Hooks:50 - Failed Scenario Name : Manual Gratuity Fixed
[${ROUTINGKEY} INFO ] 2023-12-29 12:31:09.051 Hooks:50 - Failed Scenario Name : Customer
[${ROUTINGKEY} INFO ] 2023-12-29 12:31:09.202 Hooks:50 - Failed Scenario Name : Taxes
[${ROUTINGKEY} INFO ] 2023-12-29 12:31:09.289 Hooks:50 - Failed Scenario Name : Orders
[${ROUTINGKEY} INFO ] 2023-12-29 12:31:09.366 Hooks:50 - Failed Scenario Name : Verify the sale in QSR Service Type
[${ROUTINGKEY} INFO ] 2023-12-29 12:31:09.450 Hooks:50 - Failed Scenario Name : Sale In Service Types
[${ROUTINGKEY} INFO ] 2023-12-29 12:31:09.598 Hooks:50 - Failed Scenario Name : UpCharge (Verify the Upcharge for the check)
[${ROUTINGKEY} INFO ] 2023-12-29 12:31:09.700 Hooks:50 - Failed Scenario Name : Upcharge (Role restriction)
[${ROUTINGKEY} INFO ] 2023-12-29 12:31:09.785 Hooks:50 - Failed Scenario Name : Verify the sale in Bar Tab Service Type
[${ROUTINGKEY} INFO ] 2023-12-29 12:31:09.876 Hooks:50 - Failed Scenario Name : Menu Option - Verify the Menu option for the all service type by menu level in order screen
[${ROUTINGKEY} INFO ] 2023-12-29 12:31:09.955 Hooks:50 - Failed Scenario Name : Check OPTIONS
[${ROUTINGKEY} INFO ] 2023-12-29 12:31:10.029 Hooks:50 - Failed Scenario Name : 86 list
[${ROUTINGKEY} INFO ] 2023-12-29 12:31:10.107 Hooks:50 - Failed Scenario Name : Merge With Check Based Amount (Verify the Merge option from Table layout screen )
[${ROUTINGKEY} INFO ] 2023-12-29 12:31:10.171 Hooks:50 - Failed Scenario Name : Merge with Item Based Amount (Verify the Merge option from Table layout screen )
[${ROUTINGKEY} INFO ] 2023-12-29 12:31:10.233 Hooks:50 - Failed Scenario Name : Verify the Merge option from Bar Tab screen
[${ROUTINGKEY} INFO ] 2023-12-29 12:31:10.310 Hooks:50 - Failed Scenario Name : Split Check from Table layout
[${ROUTINGKEY} INFO ] 2023-12-29 12:31:10.375 Hooks:50 - Failed Scenario Name : Split Check By BarTab Screen
[${ROUTINGKEY} INFO ] 2023-12-29 12:31:10.435 Hooks:50 - Failed Scenario Name : Split Check From Order Screen (Table Layout)
[${ROUTINGKEY} INFO ] 2023-12-29 12:31:10.495 Hooks:50 - Failed Scenario Name : Split Check From Order Screen (Bartab Layout)
[${ROUTINGKEY} INFO ] 2023-12-29 12:31:10.567 Hooks:50 - Failed Scenario Name : Split Seat from Table layout/bar tab Screen
[${ROUTINGKEY} INFO ] 2023-12-29 12:31:10.626 Hooks:50 - Failed Scenario Name : Split Seat from bar tab Screen
[${ROUTINGKEY} INFO ] 2023-12-29 12:31:10.690 Hooks:50 - Failed Scenario Name : Split Seat from Order Screen
[${ROUTINGKEY} INFO ] 2023-12-29 12:31:10.757 Hooks:50 - Failed Scenario Name : Reopen the closed checks and validate the tax, total, Subtotal
[${ROUTINGKEY} INFO ] 2023-12-29 12:31:10.828 Hooks:50 - Failed Scenario Name : When applying 2 different fixed gratuity for 3 seat it taking only one fixed gratuity
[${ROUTINGKEY} INFO ] 2023-12-29 12:31:10.888 Hooks:50 - Failed Scenario Name : LIN-22163 - Gratuity value is mismatching, when applying auto gratuity
[${ROUTINGKEY} INFO ] 2023-12-29 12:31:10.957 Hooks:50 - Failed Scenario Name : LIN - 22195 - Application crash : When we delete the repeat order item
[${ROUTINGKEY} INFO ] 2023-12-29 12:31:11.032 Hooks:50 - Failed Scenario Name : LIN-22594 - Gratuity amounts disappears from the check in the following scenario
[${ROUTINGKEY} INFO ] 2023-12-29 12:31:11.094 Hooks:50 - Failed Scenario Name : LIN-22815 - Allow to save more that 140 characters in customer notes after alert message in customer profile.
[${ROUTINGKEY} INFO ] 2023-12-29 12:31:11.155 Hooks:50 - Failed Scenario Name : Application gets crashed when scroll the category/service type/suggestive search
[${ROUTINGKEY} INFO ] 2023-12-29 12:49:32.444 Hooks:50 - Failed Scenario Name : Refund
[${ROUTINGKEY} INFO ] 2023-12-29 12:52:50.729 Hooks:50 - Failed Scenario Name : Global Till ( PAY IN, PAy Out )
[${ROUTINGKEY} INFO ] 2023-12-29 12:57:12.390 Hooks:50 - Failed Scenario Name : Verify the Pay in, Payout, Audit, Single cashier out, Close the day for the current business day(Clock in, start till(user till, Global till))
[${ROUTINGKEY} INFO ] 2023-12-29 13:04:29.178 Hooks:50 - Failed Scenario Name : Cashier OUT PULL Request
[${ROUTINGKEY} INFO ] 2023-12-29 13:15:27.028 Hooks:50 - Failed Scenario Name : Transfer To Table from one Check to another Check
[${ROUTINGKEY} INFO ] 2023-12-29 13:26:53.403 OrderManagementScreen:1274 -  Tax is - $ 0.65
[${ROUTINGKEY} INFO ] 2023-12-29 13:26:53.784 OrderManagementScreen:1274 -  Tax is - $ 6.50
[${ROUTINGKEY} INFO ] 2023-12-29 13:26:54.061 OrderManagementScreen:1274 -  Tax is - $ 15.60
[${ROUTINGKEY} INFO ] 2023-12-29 13:27:02.404 OrderManagementScreen:1274 -  Tax is - $ 1.36
[${ROUTINGKEY} INFO ] 2023-12-29 13:27:12.419 OrderManagementScreen:1274 -  Tax is - $ 96.57
[${ROUTINGKEY} INFO ] 2023-12-29 13:27:22.736 OrderManagementScreen:1274 -  Tax is - $ 105.35
[${ROUTINGKEY} INFO ] 2023-12-29 13:27:30.918 OrderManagementScreen:1274 -  Tax is - $ 0.44
[${ROUTINGKEY} INFO ] 2023-12-29 13:27:41.396 OrderManagementScreen:1274 -  Tax is - $ 8.00
[${ROUTINGKEY} INFO ] 2023-12-29 13:35:07.615 Hooks:50 - Failed Scenario Name : Sale In Service Types
[${ROUTINGKEY} INFO ] 2023-12-29 13:39:32.009 OrderManagementScreen:1274 -  Tax is - $ 1.20
[${ROUTINGKEY} INFO ] 2023-12-29 13:39:32.898 MenuOptionScreen:343 - Open Discount Screen Is Visible
[${ROUTINGKEY} INFO ] 2023-12-29 13:39:33.802 OrderManagementScreen:1274 -  Tax is - $ 2.40
[${ROUTINGKEY} INFO ] 2023-12-29 13:39:33.852 OrderManagementScreen:1429 -  Discount is - $ 4.46
[${ROUTINGKEY} INFO ] 2023-12-29 13:40:03.963 OrderManagementScreen:1274 -  Tax is - $ 1.20
[${ROUTINGKEY} INFO ] 2023-12-29 13:40:09.747 OrderManagementScreen:1274 -  Tax is - $ 1.20
[${ROUTINGKEY} INFO ] 2023-12-29 13:50:49.964 Regression:4922 - Split Check - 60-013
[${ROUTINGKEY} INFO ] 2023-12-29 13:50:58.335 Hooks:50 - Failed Scenario Name : Split Check from Table layout
[${ROUTINGKEY} INFO ] 2023-12-29 13:53:27.678 Regression:4922 - Split Check - 61-001
[${ROUTINGKEY} INFO ] 2023-12-29 13:53:36.106 Hooks:50 - Failed Scenario Name : Split Check By BarTab Screen
[${ROUTINGKEY} INFO ] 2023-12-29 13:56:01.667 Regression:4922 - Split Check - 62-001
[${ROUTINGKEY} INFO ] 2023-12-29 13:56:10.169 Hooks:50 - Failed Scenario Name : Split Check From Order Screen (Table Layout)
[${ROUTINGKEY} INFO ] 2023-12-29 13:58:04.770 Hooks:50 - Failed Scenario Name : Split Check From Order Screen (Bartab Layout)
[${ROUTINGKEY} INFO ] 2023-12-29 14:00:36.300 TableLayOutScreen:764 - Seat2 is not Added
[${ROUTINGKEY} INFO ] 2023-12-29 14:01:25.599 TableLayOutScreen:1807 - Seat 1 SubTotal - $ 72.23
[${ROUTINGKEY} INFO ] 2023-12-29 14:03:25.946 TableLayOutScreen:762 - Seat2 is Added 
[${ROUTINGKEY} INFO ] 2023-12-29 14:03:30.158 Hooks:50 - Failed Scenario Name : Split Seat from bar tab Screen
[${ROUTINGKEY} INFO ] 2023-12-29 14:05:55.341 TableLayOutScreen:762 - Seat2 is Added 
[${ROUTINGKEY} INFO ] 2023-12-29 14:05:59.470 Hooks:50 - Failed Scenario Name : Split Seat from Order Screen
[${ROUTINGKEY} INFO ] 2023-12-29 14:10:14.113 Hooks:50 - Failed Scenario Name : LIN - 22195 - Application crash : When we delete the repeat order item
[${ROUTINGKEY} INFO ] 2023-12-29 14:11:55.728 OrderManagementScreen:994 - Paid Amount Value is SAME - $ 0.00
[${ROUTINGKEY} INFO ] 2023-12-29 14:12:08.816 OrderManagementScreen:1028 - Cash Price Value is SAME - $ 3.95
[${ROUTINGKEY} INFO ] 2023-12-29 14:12:08.838 OrderManagementScreen:994 - Paid Amount Value is SAME - $ 3.76
[${ROUTINGKEY} INFO ] 2023-12-29 14:12:42.803 PaymentWindow:907 - Customer notes - 
[${ROUTINGKEY} INFO ] 2023-12-29 14:32:19.583 Hooks:50 - Failed Scenario Name : Cashier Out From Till Management Screen
[${ROUTINGKEY} INFO ] 2023-12-29 14:34:05.772 Hooks:50 - Failed Scenario Name : Split Check from Table layout
[${ROUTINGKEY} INFO ] 2023-12-29 15:42:01.691 Hooks:50 - Failed Scenario Name : Split Check from Table layout
[${ROUTINGKEY} INFO ] 2023-12-29 15:48:57.721 Regression:4923 - Split Check - 2-001
[${ROUTINGKEY} INFO ] 2023-12-29 15:49:02.188 Hooks:50 - Failed Scenario Name : Split Check from Table layout
[${ROUTINGKEY} INFO ] 2023-12-29 16:01:04.128 Regression:4923 - Split Check - 3-001
[${ROUTINGKEY} INFO ] 2023-12-29 16:02:41.909 Regression:4923 - Split Check - 3-003
[${ROUTINGKEY} INFO ] 2023-12-29 16:16:39.538 Regression:4923 - Split Check - 4-001
[${ROUTINGKEY} INFO ] 2023-12-29 16:18:17.246 Regression:4923 - Split Check - 4-003
[${ROUTINGKEY} INFO ] 2023-12-29 16:18:17.320 TableLayOutScreen:1569 - seatNumber - 2
[${ROUTINGKEY} INFO ] 2023-12-29 16:18:17.321 TableLayOutScreen:1570 - seatNumber11 - 1
[${ROUTINGKEY} INFO ] 2023-12-29 16:18:17.321 TableLayOutScreen:1572 - Seat Number - 1 is Available
[${ROUTINGKEY} INFO ] 2023-12-29 16:21:50.151 Regression:4923 - Split Check - 5-001
[${ROUTINGKEY} INFO ] 2023-12-29 16:23:22.039 Regression:4923 - Split Check - 5-003
[${ROUTINGKEY} INFO ] 2023-12-29 16:27:09.751 Hooks:50 - Failed Scenario Name : Split Check From Order Screen (Bartab Layout)
[${ROUTINGKEY} INFO ] 2023-12-29 16:37:15.335 Regression:4923 - Split Check - 7-001
[${ROUTINGKEY} INFO ] 2023-12-29 16:38:50.591 Regression:4923 - Split Check - 7-003
[${ROUTINGKEY} INFO ] 2023-12-29 16:38:50.648 TableLayOutScreen:1570 - seatNumber - 2
[${ROUTINGKEY} INFO ] 2023-12-29 16:38:50.649 TableLayOutScreen:1571 - seatNumber11 - 1
[${ROUTINGKEY} INFO ] 2023-12-29 16:38:50.651 TableLayOutScreen:1573 - Seat Number - 1 is Available
[${ROUTINGKEY} INFO ] 2023-12-29 16:42:29.858 TableLayOutScreen:764 - Seat2 is not Added
[${ROUTINGKEY} INFO ] 2023-12-29 16:43:18.184 TableLayOutScreen:1808 - Seat 1 SubTotal - $ 68.05
[${ROUTINGKEY} INFO ] 2023-12-29 16:43:18.231 Hooks:50 - Failed Scenario Name : Split Seat from Table layout/bar tab Screen
[${ROUTINGKEY} INFO ] 2023-12-29 16:47:55.216 TableLayOutScreen:764 - Seat2 is not Added
[${ROUTINGKEY} INFO ] 2023-12-29 16:48:44.266 TableLayOutScreen:1808 - Seat 1 SubTotal - $ 42.60
[${ROUTINGKEY} INFO ] 2023-12-29 16:49:16.570 Hooks:50 - Failed Scenario Name : Split Seat from Table layout/bar tab Screen
[${ROUTINGKEY} INFO ] 2023-12-29 16:54:11.434 TableLayOutScreen:764 - Seat2 is not Added
[${ROUTINGKEY} INFO ] 2023-12-29 16:55:00.326 TableLayOutScreen:1808 - Seat 1 SubTotal - $ 68.05
[${ROUTINGKEY} INFO ] 2023-12-29 16:55:00.363 Hooks:50 - Failed Scenario Name : Split Seat from Table layout/bar tab Screen
[${ROUTINGKEY} INFO ] 2023-12-29 17:07:29.243 TableLayOutScreen:764 - Seat2 is not Added
[${ROUTINGKEY} INFO ] 2023-12-29 17:08:18.914 TableLayOutScreen:1808 - Seat 1 SubTotal - $ 68.05
[${ROUTINGKEY} INFO ] 2023-12-29 17:08:18.977 Hooks:50 - Failed Scenario Name : Split Seat from Table layout/bar tab Screen
[${ROUTINGKEY} INFO ] 2023-12-29 17:12:38.267 TableLayOutScreen:764 - Seat2 is not Added
[${ROUTINGKEY} INFO ] 2023-12-29 17:13:27.829 TableLayOutScreen:1808 - Seat 1 SubTotal - $ 48.18
[${ROUTINGKEY} INFO ] 2023-12-29 17:14:00.855 Hooks:50 - Failed Scenario Name : Split Seat from Table layout/bar tab Screen
[${ROUTINGKEY} INFO ] 2023-12-29 17:29:32.272 TableLayOutScreen:764 - Seat2 is not Added
[${ROUTINGKEY} INFO ] 2023-12-29 17:30:20.970 TableLayOutScreen:1808 - Seat 1 SubTotal - $ 63.87
[${ROUTINGKEY} INFO ] 2023-12-29 17:30:54.238 Hooks:50 - Failed Scenario Name : Split Seat from Table layout/bar tab Screen
[${ROUTINGKEY} INFO ] 2023-12-29 17:36:19.058 TableLayOutScreen:764 - Seat2 is not Added
[${ROUTINGKEY} INFO ] 2023-12-29 17:37:07.510 TableLayOutScreen:1808 - Seat 1 SubTotal - $ 76.41
[${ROUTINGKEY} INFO ] 2023-12-29 17:37:07.571 Hooks:50 - Failed Scenario Name : Split Seat from Table layout/bar tab Screen
[${ROUTINGKEY} INFO ] 2023-12-29 17:41:15.497 TableLayOutScreen:764 - Seat2 is not Added
[${ROUTINGKEY} INFO ] 2023-12-29 17:42:07.539 TableLayOutScreen:1808 - Seat 1 SubTotal - $ 72.23
[${ROUTINGKEY} INFO ] 2023-12-29 17:42:39.317 Hooks:50 - Failed Scenario Name : Split Seat from Table layout/bar tab Screen
[${ROUTINGKEY} INFO ] 2023-12-29 18:33:37.168 TableLayOutScreen:762 - Seat2 is Added 
[${ROUTINGKEY} INFO ] 2023-12-29 18:33:45.353 Hooks:50 - Failed Scenario Name : Split Seat from bar tab Screen
[${ROUTINGKEY} INFO ] 2023-12-29 18:40:30.728 Hooks:50 - Failed Scenario Name : Split Seat from bar tab Screen
[${ROUTINGKEY} INFO ] 2023-12-29 18:43:38.487 TableLayOutScreen:762 - Seat2 is Added 
[${ROUTINGKEY} INFO ] 2023-12-29 18:43:47.003 Hooks:50 - Failed Scenario Name : Split Seat from bar tab Screen
[${ROUTINGKEY} INFO ] 2023-12-29 18:48:29.941 TableLayOutScreen:762 - Seat2 is Added 
[${ROUTINGKEY} INFO ] 2023-12-29 18:49:17.946 TableLayOutScreen:1808 - Seat 1 SubTotal - $ 63.87
[${ROUTINGKEY} INFO ] 2023-12-29 18:49:50.225 Hooks:50 - Failed Scenario Name : Split Seat from bar tab Screen
[${ROUTINGKEY} INFO ] 2023-12-29 18:54:55.869 TableLayOutScreen:762 - Seat2 is Added 
[${ROUTINGKEY} INFO ] 2023-12-29 18:55:44.339 TableLayOutScreen:1808 - Seat 1 SubTotal - $ 68.05
[${ROUTINGKEY} INFO ] 2023-12-29 18:55:44.433 Hooks:50 - Failed Scenario Name : Split Seat from bar tab Screen
