[${ROUTINGKEY} INFO ] 2024-01-23 16:18:03.380 Hooks:50 - Failed Scenario Name : Global Till ( PAY IN, PAy Out )
[${ROUTINGKEY} INFO ] 2024-01-23 16:21:31.937 Hooks:50 - Failed Scenario Name : Verify the Pay in, Payout, Audit, Single cashier out, Close the day for the current business day(Clock in, start till(user till, Global till))
[${ROUTINGKEY} INFO ] 2024-01-23 16:28:51.483 Hooks:50 - Failed Scenario Name : Cashier OUT PULL Request
[${ROUTINGKEY} INFO ] 2024-01-23 16:37:12.702 CheckAndItemTransfer:346 - Transferred Menu item is available in the transferred to table - ChilliParatha142
[${ROUTINGKEY} INFO ] 2024-01-23 16:39:36.052 Hooks:50 - Failed Scenario Name : Transfer To Table from one Check to another Check
[${ROUTINGKEY} INFO ] 2024-01-23 16:44:23.123 cashOption:208 - Actual Service Charge Of Menu (With Tax)-  $ 235.0
[${ROUTINGKEY} INFO ] 2024-01-23 16:44:23.123 cashOption:212 - Total of Menu - $ 30.85
[${ROUTINGKEY} INFO ] 2024-01-23 16:44:34.917 Hooks:50 - Failed Scenario Name : Item Service charge  (Item Service Charge Without Tax)
[${ROUTINGKEY} INFO ] 2024-01-23 16:53:44.885 OrderManagementScreen:1303 -  Tax is - $ 0.65
[${ROUTINGKEY} INFO ] 2024-01-23 16:53:44.900 Discount:100 - Total of Menu Item is - $ 13.65
[${ROUTINGKEY} INFO ] 2024-01-23 16:53:45.058 OrderManagementScreen:1303 -  Tax is - $ 6.50
[${ROUTINGKEY} INFO ] 2024-01-23 16:53:45.074 Discount:100 - Total of Menu Item is - $ 71.50
[${ROUTINGKEY} INFO ] 2024-01-23 16:53:45.230 OrderManagementScreen:1303 -  Tax is - $ 15.60
[${ROUTINGKEY} INFO ] 2024-01-23 16:53:45.250 Discount:100 - Total of Menu Item is - $ 119.60
[${ROUTINGKEY} INFO ] 2024-01-23 16:53:53.136 OrderManagementScreen:1303 -  Tax is - $ 1.36
[${ROUTINGKEY} INFO ] 2024-01-23 16:53:53.151 Discount:100 - Total of Menu Item is - $ 15.00
[${ROUTINGKEY} INFO ] 2024-01-23 16:54:07.871 Hooks:50 - Failed Scenario Name : Taxes
[${ROUTINGKEY} INFO ] 2024-01-23 17:02:50.705 Hooks:50 - Failed Scenario Name : Sale In Service Types
[${ROUTINGKEY} INFO ] 2024-01-23 17:07:18.480 OrderManagementScreen:1303 -  Tax is - $ 1.20
[${ROUTINGKEY} INFO ] 2024-01-23 17:07:18.498 Discount:100 - Total of Menu Item is - $ 11.20
[${ROUTINGKEY} INFO ] 2024-01-23 17:07:18.918 MenuOptionScreen:343 - Open Discount Screen Is Visible
[${ROUTINGKEY} INFO ] 2024-01-23 17:07:19.458 OrderManagementScreen:1303 -  Tax is - $ 2.40
[${ROUTINGKEY} INFO ] 2024-01-23 17:07:19.499 OrderManagementScreen:1458 -  Discount is - $ 4.46
[${ROUTINGKEY} INFO ] 2024-01-23 17:07:19.529 Discount:100 - Total of Menu Item is - $ 17.94
[${ROUTINGKEY} INFO ] 2024-01-23 17:07:49.957 OrderManagementScreen:1303 -  Tax is - $ 1.20
[${ROUTINGKEY} INFO ] 2024-01-23 17:07:49.991 Discount:100 - Total of Menu Item is - $ 13.20
[${ROUTINGKEY} INFO ] 2024-01-23 17:07:55.254 Discount:100 - Total of Menu Item is - $ 12.00
[${ROUTINGKEY} INFO ] 2024-01-23 17:07:55.479 OrderManagementScreen:1303 -  Tax is - $ 1.20
[${ROUTINGKEY} INFO ] 2024-01-23 17:07:55.495 Discount:100 - Total of Menu Item is - $ 13.20
[${ROUTINGKEY} INFO ] 2024-01-23 17:08:28.702 Hooks:50 - Failed Scenario Name : Gift
[${ROUTINGKEY} INFO ] 2024-01-23 17:12:40.455 Hooks:50 - Failed Scenario Name : Merge With Check Based Amount (Verify the Merge option from Table layout screen )
[${ROUTINGKEY} INFO ] 2024-01-23 17:14:05.366 Hooks:50 - Failed Scenario Name : Merge with Item Based Amount (Verify the Merge option from Table layout screen )
[${ROUTINGKEY} INFO ] 2024-01-23 17:15:31.069 Hooks:50 - Failed Scenario Name : Verify the Merge option from Bar Tab screen
[${ROUTINGKEY} INFO ] 2024-01-23 17:16:55.273 Hooks:50 - Failed Scenario Name : Split Check from Table layout
[${ROUTINGKEY} INFO ] 2024-01-23 17:18:20.737 Hooks:50 - Failed Scenario Name : Split Check By BarTab Screen
[${ROUTINGKEY} INFO ] 2024-01-23 17:19:47.143 Hooks:50 - Failed Scenario Name : Split Check From Order Screen (Table Layout)
[${ROUTINGKEY} INFO ] 2024-01-23 17:21:12.374 Hooks:50 - Failed Scenario Name : Split Check From Order Screen (Bartab Layout)
[${ROUTINGKEY} INFO ] 2024-01-23 17:22:36.827 Hooks:50 - Failed Scenario Name : Split Seat from Table layout/bar tab Screen
