[${ctx:ROUTINGKEY} INFO ] 2023-12-08 17:04:29.801 Hooks:58 - Start Scenario Name : Cashier Out From Till Management Screen
[${ctx:ROUTINGKEY} INFO ] 2023-12-08 17:04:34.937 Hooks:76 - Failed Scenario Name : Cashier Out From Till Management Screen
[${ctx:ROUTINGKEY} INFO ] 2023-12-08 17:08:05.952 Hooks:58 - Start Scenario Name : Cashier Out From Till Management Screen
[${ctx:ROUTINGKEY} INFO ] 2023-12-08 17:08:11.043 Hooks:76 - Failed Scenario Name : Cashier Out From Till Management Screen
[${ctx:ROUTINGKEY} INFO ] 2023-12-08 17:28:47.111 Hooks:58 - Start Scenario Name : Cashier Out From Till Management Screen
[${ctx:ROUTINGKEY} INFO ] 2023-12-08 17:28:52.207 Hooks:76 - Failed Scenario Name : Cashier Out From Till Management Screen
[${ctx:ROUTINGKEY} INFO ] 2023-12-08 17:38:28.400 Hooks:58 - Start Scenario Name : Cashier Out From Till Management Screen
[${ctx:ROUTINGKEY} INFO ] 2023-12-08 17:38:59.003 Hooks:76 - Failed Scenario Name : Cashier Out From Till Management Screen
[${ctx:ROUTINGKEY} INFO ] 2023-12-08 17:49:10.008 Hooks:58 - Start Scenario Name : Cashier Out From Till Management Screen
[${ctx:ROUTINGKEY} INFO ] 2023-12-08 17:49:40.615 BasePage:292 - Tapped pin 1
[${ctx:ROUTINGKEY} INFO ] 2023-12-08 17:49:40.661 BasePage:292 - Tapped pin 2
[${ctx:ROUTINGKEY} INFO ] 2023-12-08 17:49:40.678 Hooks:76 - Failed Scenario Name : Cashier Out From Till Management Screen
[${ctx:ROUTINGKEY} INFO ] 2023-12-08 17:53:02.820 Hooks:58 - Start Scenario Name : Cashier Out From Till Management Screen
[${ctx:ROUTINGKEY} INFO ] 2023-12-08 17:53:38.395 Hooks:76 - Failed Scenario Name : Cashier Out From Till Management Screen
[${ctx:ROUTINGKEY} INFO ] 2023-12-08 17:54:12.621 Hooks:58 - Start Scenario Name : Cashier Out From Till Management Screen
[${ctx:ROUTINGKEY} INFO ] 2023-12-08 17:54:43.094 BasePage:293 - Tapped pin 1
[${ctx:ROUTINGKEY} INFO ] 2023-12-08 17:54:43.120 BasePage:293 - Tapped pin 2
[${ctx:ROUTINGKEY} INFO ] 2023-12-08 17:54:43.136 Hooks:76 - Failed Scenario Name : Cashier Out From Till Management Screen
[${ctx:ROUTINGKEY} INFO ] 2023-12-08 18:07:35.472 Hooks:58 - Start Scenario Name : Cashier Out From Till Management Screen
[${ctx:ROUTINGKEY} INFO ] 2023-12-08 18:08:05.962 BasePage:293 - Tapped pin 1
[${ctx:ROUTINGKEY} INFO ] 2023-12-08 18:08:05.993 BasePage:293 - Tapped pin 2
[${ctx:ROUTINGKEY} INFO ] 2023-12-08 18:08:06.003 Hooks:76 - Failed Scenario Name : Cashier Out From Till Management Screen
[${ctx:ROUTINGKEY} INFO ] 2023-12-08 18:09:32.252 Hooks:58 - Start Scenario Name : Cashier Out From Till Management Screen
[${ctx:ROUTINGKEY} INFO ] 2023-12-08 18:10:02.786 BasePage:293 - Tapped pin 1
[${ctx:ROUTINGKEY} INFO ] 2023-12-08 18:10:02.815 BasePage:282 - Tapped pin 2
[${ctx:ROUTINGKEY} INFO ] 2023-12-08 18:10:02.825 Hooks:76 - Failed Scenario Name : Cashier Out From Till Management Screen
[${ctx:ROUTINGKEY} INFO ] 2023-12-08 18:13:48.986 Hooks:58 - Start Scenario Name : Cashier Out From Till Management Screen
[${ctx:ROUTINGKEY} INFO ] 2023-12-08 18:14:19.743 BasePage:293 - Tapped pin 1
[${ctx:ROUTINGKEY} INFO ] 2023-12-08 18:14:19.777 BasePage:282 - Tapped pin 2
[${ctx:ROUTINGKEY} INFO ] 2023-12-08 18:14:19.811 BasePage:282 - Tapped pin 3
[${ctx:ROUTINGKEY} INFO ] 2023-12-08 18:14:19.840 BasePage:282 - Tapped pin 4
[${ctx:ROUTINGKEY} INFO ] 2023-12-08 18:14:19.882 BasePage:293 - Tapped Login.
[${ctx:ROUTINGKEY} INFO ] 2023-12-08 18:14:19.894 Hooks:76 - Failed Scenario Name : Cashier Out From Till Management Screen
[${ctx:ROUTINGKEY} INFO ] 2023-12-08 20:10:01.734 Hooks:58 - Start Scenario Name : Service Type  in Order Screen,Seats
[${ctx:ROUTINGKEY} INFO ] 2023-12-08 20:10:12.286 Hooks:76 - Failed Scenario Name : Service Type  in Order Screen,Seats
[${ctx:ROUTINGKEY} INFO ] 2023-12-08 20:13:07.171 Hooks:58 - Start Scenario Name : Service Type  in Order Screen,Seats
[${ctx:ROUTINGKEY} INFO ] 2023-12-08 20:13:40.822 BasePage:301 - Tapped pin 1
[${ctx:ROUTINGKEY} INFO ] 2023-12-08 20:13:41.165 BasePage:282 - Tapped pin 2
[${ctx:ROUTINGKEY} INFO ] 2023-12-08 20:13:41.358 BasePage:282 - Tapped pin 3
[${ctx:ROUTINGKEY} INFO ] 2023-12-08 20:13:41.474 BasePage:282 - Tapped pin 4
[${ctx:ROUTINGKEY} INFO ] 2023-12-08 20:13:41.568 BasePage:282 - Tapped Login.
[${ctx:ROUTINGKEY} INFO ] 2023-12-08 20:13:42.771 BasePage:282 - Order type selection is cancelled.
[${ctx:ROUTINGKEY} INFO ] 2023-12-08 20:13:51.858 Hooks:76 - Failed Scenario Name : Service Type  in Order Screen,Seats
[${ctx:ROUTINGKEY} INFO ] 2023-12-08 20:16:22.396 Hooks:58 - Start Scenario Name : Service Type  in Order Screen,Seats
[${ctx:ROUTINGKEY} INFO ] 2023-12-08 20:16:55.559 BasePage:301 - Tapped pin 1
[${ctx:ROUTINGKEY} INFO ] 2023-12-08 20:16:55.703 BasePage:282 - Tapped pin 2
[${ctx:ROUTINGKEY} INFO ] 2023-12-08 20:16:55.764 BasePage:282 - Tapped pin 3
[${ctx:ROUTINGKEY} INFO ] 2023-12-08 20:16:55.823 BasePage:282 - Tapped pin 4
[${ctx:ROUTINGKEY} INFO ] 2023-12-08 20:16:55.878 BasePage:282 - Tapped Login.
[${ctx:ROUTINGKEY} INFO ] 2023-12-08 20:16:57.050 BasePage:282 - Order type selection is cancelled.
[${ctx:ROUTINGKEY} INFO ] 2023-12-08 20:17:05.433 Hooks:76 - Failed Scenario Name : Service Type  in Order Screen,Seats
[${ctx:ROUTINGKEY} INFO ] 2023-12-08 20:18:18.301 Hooks:58 - Start Scenario Name : Service Type  in Order Screen,Seats
[${ctx:ROUTINGKEY} INFO ] 2023-12-08 20:18:50.723 BasePage:301 - Tapped pin 1
[${ctx:ROUTINGKEY} INFO ] 2023-12-08 20:18:50.894 BasePage:301 - Tapped pin 1
[${ctx:ROUTINGKEY} INFO ] 2023-12-08 20:18:50.988 BasePage:301 - Tapped pin 1
[${ctx:ROUTINGKEY} INFO ] 2023-12-08 20:18:51.050 BasePage:301 - Tapped pin 1
[${ctx:ROUTINGKEY} INFO ] 2023-12-08 20:18:51.101 BasePage:282 - Tapped Login.
[${ctx:ROUTINGKEY} INFO ] 2023-12-08 20:18:52.831 BasePage:282 - Order type selection is cancelled.
[${ctx:ROUTINGKEY} INFO ] 2023-12-08 20:19:01.276 Hooks:76 - Failed Scenario Name : Service Type  in Order Screen,Seats
[${ctx:ROUTINGKEY} INFO ] 2023-12-08 20:28:15.435 Hooks:58 - Start Scenario Name : Service Type  in Order Screen,Seats
[${ctx:ROUTINGKEY} INFO ] 2023-12-08 20:28:47.027 BasePage:301 - Tapped pin 1
[${ctx:ROUTINGKEY} INFO ] 2023-12-08 20:28:47.133 BasePage:301 - Tapped pin 1
[${ctx:ROUTINGKEY} INFO ] 2023-12-08 20:28:47.204 BasePage:301 - Tapped pin 1
[${ctx:ROUTINGKEY} INFO ] 2023-12-08 20:28:47.246 BasePage:301 - Tapped pin 1
[${ctx:ROUTINGKEY} INFO ] 2023-12-08 20:28:47.276 BasePage:282 - Tapped Login.
[${ctx:ROUTINGKEY} INFO ] 2023-12-08 20:28:48.805 BasePage:282 - Order type selection is cancelled.
[${ctx:ROUTINGKEY} INFO ] 2023-12-08 20:28:48.966 BasePage:301 - added a new seat to the table
[${ctx:ROUTINGKEY} INFO ] 2023-12-08 20:28:49.009 Hooks:76 - Failed Scenario Name : Service Type  in Order Screen,Seats
[${ctx:ROUTINGKEY} INFO ] 2023-12-08 21:13:11.022 Hooks:58 - Start Scenario Name : Service Type  in Order Screen,Seats
[${ctx:ROUTINGKEY} INFO ] 2023-12-08 21:13:41.499 BasePage:305 - Tapped pin 1
[${ctx:ROUTINGKEY} INFO ] 2023-12-08 21:13:41.565 BasePage:305 - Tapped pin 1
[${ctx:ROUTINGKEY} INFO ] 2023-12-08 21:13:41.589 BasePage:305 - Tapped pin 1
[${ctx:ROUTINGKEY} INFO ] 2023-12-08 21:13:41.613 BasePage:305 - Tapped pin 1
[${ctx:ROUTINGKEY} INFO ] 2023-12-08 21:13:41.628 BasePage:282 - Tapped Login.
[${ctx:ROUTINGKEY} INFO ] 2023-12-08 21:13:42.774 BasePage:282 - Order type selection is cancelled.
[${ctx:ROUTINGKEY} INFO ] 2023-12-08 21:13:42.815 BasePage:282 - added a new seat to the table
[${ctx:ROUTINGKEY} INFO ] 2023-12-08 21:13:42.901 TableLayOutScreen:721 - Seat2 is Added 
[${ctx:ROUTINGKEY} INFO ] 2023-12-08 21:13:42.922 OrderManagementScreen:1487 - QSR - Service Type Is displayed
[${ctx:ROUTINGKEY} INFO ] 2023-12-08 21:13:42.929 BasePage:282 - ArrowDown Button 1 is tapped
[${ctx:ROUTINGKEY} INFO ] 2023-12-08 21:13:42.982 Hooks:76 - Failed Scenario Name : Service Type  in Order Screen,Seats
[${ctx:ROUTINGKEY} INFO ] 2023-12-08 21:24:20.795 Hooks:58 - Start Scenario Name : Service Type  in Order Screen,Seats
[${ctx:ROUTINGKEY} INFO ] 2023-12-08 21:24:51.612 BasePage:305 - Tapped pin 1
[${ctx:ROUTINGKEY} INFO ] 2023-12-08 21:24:51.654 BasePage:305 - Tapped pin 1
[${ctx:ROUTINGKEY} INFO ] 2023-12-08 21:24:51.678 BasePage:305 - Tapped pin 1
[${ctx:ROUTINGKEY} INFO ] 2023-12-08 21:24:51.713 BasePage:305 - Tapped pin 1
[${ctx:ROUTINGKEY} INFO ] 2023-12-08 21:24:51.727 BasePage:282 - Tapped Login.
[${ctx:ROUTINGKEY} INFO ] 2023-12-08 21:24:52.895 BasePage:282 - Order type selection is cancelled.
[${ctx:ROUTINGKEY} INFO ] 2023-12-08 21:24:52.953 BasePage:282 - added a new seat to the table
[${ctx:ROUTINGKEY} INFO ] 2023-12-08 21:24:53.010 TableLayOutScreen:721 - Seat2 is Added 
[${ctx:ROUTINGKEY} INFO ] 2023-12-08 21:24:53.030 OrderManagementScreen:1484 - QSR - Service Type Is displayed
[${ctx:ROUTINGKEY} INFO ] 2023-12-08 21:24:53.032 BasePage:282 - ArrowDown Button 1 is tapped
[${ctx:ROUTINGKEY} INFO ] 2023-12-08 21:24:53.058 BasePage:282 - editDeleteSeatsBtn is tapped
[${ctx:ROUTINGKEY} INFO ] 2023-12-08 21:24:53.085 BasePage:282 - Selected seat 2 to be deleted
[${ctx:ROUTINGKEY} INFO ] 2023-12-08 21:24:53.109 BasePage:282 - doneDeleteSeatsBtn is tapped
[${ctx:ROUTINGKEY} INFO ] 2023-12-08 21:24:53.130 BasePage:282 - ArrowDown Button 1 is tapped
[${ctx:ROUTINGKEY} INFO ] 2023-12-08 21:24:54.190 Hooks:76 - Failed Scenario Name : Service Type  in Order Screen,Seats
[${ctx:ROUTINGKEY} INFO ] 2023-12-08 21:31:11.907 Hooks:58 - Start Scenario Name : Service Type  in Order Screen,Seats
[${ctx:ROUTINGKEY} INFO ] 2023-12-08 21:31:42.488 BasePage:305 - Tapped pin 1
[${ctx:ROUTINGKEY} INFO ] 2023-12-08 21:31:42.531 BasePage:305 - Tapped pin 1
[${ctx:ROUTINGKEY} INFO ] 2023-12-08 21:31:42.555 BasePage:305 - Tapped pin 1
[${ctx:ROUTINGKEY} INFO ] 2023-12-08 21:31:42.588 BasePage:305 - Tapped pin 1
[${ctx:ROUTINGKEY} INFO ] 2023-12-08 21:31:42.605 BasePage:282 - Tapped Login.
[${ctx:ROUTINGKEY} INFO ] 2023-12-08 21:31:43.761 BasePage:282 - Order type selection is cancelled.
[${ctx:ROUTINGKEY} INFO ] 2023-12-08 21:31:43.828 BasePage:282 - added a new seat to the table
[${ctx:ROUTINGKEY} INFO ] 2023-12-08 21:31:43.884 TableLayOutScreen:721 - Seat2 is Added 
[${ctx:ROUTINGKEY} INFO ] 2023-12-08 21:31:43.905 OrderManagementScreen:1486 - QSR - Service Type Is displayed
[${ctx:ROUTINGKEY} INFO ] 2023-12-08 21:31:43.907 BasePage:282 - ArrowDown Button 1 is tapped
[${ctx:ROUTINGKEY} INFO ] 2023-12-08 21:31:43.936 BasePage:282 - editDeleteSeatsBtn is tapped
[${ctx:ROUTINGKEY} INFO ] 2023-12-08 21:31:43.968 BasePage:282 - Selected seat 2 to be deleted
[${ctx:ROUTINGKEY} INFO ] 2023-12-08 21:31:43.994 BasePage:282 - doneDeleteSeatsBtn is tapped
[${ctx:ROUTINGKEY} INFO ] 2023-12-08 21:31:45.090 BasePage:305 - Tapped All button
[${ctx:ROUTINGKEY} INFO ] 2023-12-08 21:31:45.101 Hooks:76 - Failed Scenario Name : Service Type  in Order Screen,Seats
[${ctx:ROUTINGKEY} INFO ] 2023-12-08 22:09:28.105 Hooks:58 - Start Scenario Name : Service Type  in Order Screen,Seats
[${ctx:ROUTINGKEY} INFO ] 2023-12-08 22:09:59.264 BasePage:305 - Tapped pin 1
[${ctx:ROUTINGKEY} INFO ] 2023-12-08 22:09:59.359 BasePage:305 - Tapped pin 1
[${ctx:ROUTINGKEY} INFO ] 2023-12-08 22:09:59.471 BasePage:305 - Tapped pin 1
[${ctx:ROUTINGKEY} INFO ] 2023-12-08 22:09:59.514 BasePage:305 - Tapped pin 1
[${ctx:ROUTINGKEY} INFO ] 2023-12-08 22:09:59.547 BasePage:282 - Tapped Login.
[${ctx:ROUTINGKEY} INFO ] 2023-12-08 22:10:01.006 BasePage:282 - Order type selection is cancelled.
[${ctx:ROUTINGKEY} INFO ] 2023-12-08 22:10:01.165 BasePage:282 - added a new seat to the table
[${ctx:ROUTINGKEY} INFO ] 2023-12-08 22:10:01.329 TableLayOutScreen:721 - Seat2 is Added 
[${ctx:ROUTINGKEY} INFO ] 2023-12-08 22:10:01.364 OrderManagementScreen:1484 - QSR - Service Type Is displayed
[${ctx:ROUTINGKEY} INFO ] 2023-12-08 22:10:01.369 BasePage:282 - ArrowDown Button 1 is tapped
[${ctx:ROUTINGKEY} INFO ] 2023-12-08 22:10:01.442 BasePage:282 - editDeleteSeatsBtn is tapped
[${ctx:ROUTINGKEY} INFO ] 2023-12-08 22:10:01.528 BasePage:282 - Selected seat 2 to be deleted
[${ctx:ROUTINGKEY} INFO ] 2023-12-08 22:10:01.595 BasePage:282 - doneDeleteSeatsBtn is tapped
[${ctx:ROUTINGKEY} INFO ] 2023-12-08 22:10:02.805 BasePage:282 - Tapped All button
[${ctx:ROUTINGKEY} INFO ] 2023-12-08 22:10:03.059 BasePage:271 - Check Status Is Displayed - Check Status
[${ctx:ROUTINGKEY} INFO ] 2023-12-08 22:10:03.107 BasePage:271 - Table layout screen is displayed - Table layout
[${ctx:ROUTINGKEY} INFO ] 2023-12-08 22:10:03.121 Hooks:76 - Failed Scenario Name : Service Type  in Order Screen,Seats
[${ctx:ROUTINGKEY} INFO ] 2023-12-08 22:10:45.828 Hooks:58 - Start Scenario Name : Service Type  in Order Screen,Seats
