[${ROUTINGKEY} INFO ] 2023-12-27 13:01:16.347 Regression:3344 - Size of Field 0
[${ROUTINGKEY} INFO ] 2023-12-27 15:40:26.974 Regression:5018 - Split Check - 8-001
[${ROUTINGKEY} INFO ] 2023-12-27 15:41:45.983 Regression:5018 - Split Check - 8-003
[${ROUTINGKEY} INFO ] 2023-12-27 15:41:46.021 TableLayOutScreen:1568 - seatNumber - 2
[${ROUTINGKEY} INFO ] 2023-12-27 15:41:46.022 TableLayOutScreen:1569 - seatNumber11 - 1
[${ROUTINGKEY} INFO ] 2023-12-27 15:45:32.420 Regression:5018 - Split Check - 9-001
[${ROUTINGKEY} INFO ] 2023-12-27 15:46:51.212 Regression:5018 - Split Check - 9-003
[${ROUTINGKEY} INFO ] 2023-12-27 15:46:51.250 TableLayOutScreen:1568 - seatNumber - 2
[${ROUTINGKEY} INFO ] 2023-12-27 15:46:51.252 TableLayOutScreen:1569 - seatNumber11 - 1
[${ROUTINGKEY} INFO ] 2023-12-27 15:46:51.253 TableLayOutScreen:1571 - Seat Number - 1 is Available
[${ROUTINGKEY} INFO ] 2023-12-27 15:51:28.043 Regression:5018 - Split Check - 10-001
[${ROUTINGKEY} INFO ] 2023-12-27 15:52:49.792 Regression:5018 - Split Check - 10-003
[${ROUTINGKEY} INFO ] 2023-12-27 15:52:49.855 TableLayOutScreen:1568 - seatNumber - 2
[${ROUTINGKEY} INFO ] 2023-12-27 15:52:49.857 TableLayOutScreen:1569 - seatNumber11 - 1
[${ROUTINGKEY} INFO ] 2023-12-27 15:52:49.858 TableLayOutScreen:1571 - Seat Number - 1 is Available
[${ROUTINGKEY} INFO ] 2023-12-27 16:00:25.052 Regression:5018 - Split Check - 11-001
[${ROUTINGKEY} INFO ] 2023-12-27 16:01:42.767 Regression:5018 - Split Check - 11-003
[${ROUTINGKEY} INFO ] 2023-12-27 16:05:03.012 Regression:5018 - Split Check - 12-001
[${ROUTINGKEY} INFO ] 2023-12-27 16:06:19.381 Regression:5018 - Split Check - 12-003
[${ROUTINGKEY} INFO ] 2023-12-27 16:09:56.919 Regression:5018 - Split Check - 13-001
[${ROUTINGKEY} INFO ] 2023-12-27 16:14:54.779 Regression:5018 - Split Check - 14-001
[${ROUTINGKEY} INFO ] 2023-12-27 16:16:10.367 Regression:5018 - Split Check - 14-003
[${ROUTINGKEY} INFO ] 2023-12-27 16:16:10.419 TableLayOutScreen:1568 - seatNumber - 2
[${ROUTINGKEY} INFO ] 2023-12-27 16:16:10.421 TableLayOutScreen:1569 - seatNumber11 - 1
[${ROUTINGKEY} INFO ] 2023-12-27 16:16:10.422 TableLayOutScreen:1571 - Seat Number - 1 is Available
[${ROUTINGKEY} INFO ] 2023-12-27 17:13:59.639 TableLayOutScreen:763 - Seat2 is not Added
[${ROUTINGKEY} INFO ] 2023-12-27 17:19:36.242 TableLayOutScreen:763 - Seat2 is not Added
[${ROUTINGKEY} INFO ] 2023-12-27 17:28:17.672 TableLayOutScreen:763 - Seat2 is not Added
[${ROUTINGKEY} INFO ] 2023-12-27 17:53:46.613 TableLayOutScreen:763 - Seat2 is not Added
[${ROUTINGKEY} INFO ] 2023-12-27 17:57:45.697 TableLayOutScreen:763 - Seat2 is not Added
[${ROUTINGKEY} INFO ] 2023-12-27 18:03:49.120 TableLayOutScreen:763 - Seat2 is not Added
[${ROUTINGKEY} INFO ] 2023-12-27 18:09:33.460 TableLayOutScreen:764 - Seat2 is not Added
[${ROUTINGKEY} INFO ] 2023-12-27 18:10:17.162 TableLayOutScreen:1807 - Seat 1 SubTotal - $ 63.87
[${ROUTINGKEY} INFO ] 2023-12-27 18:16:42.694 TableLayOutScreen:764 - Seat2 is not Added
[${ROUTINGKEY} INFO ] 2023-12-27 18:17:28.577 TableLayOutScreen:1807 - Seat 1 SubTotal - $ 48.18
[${ROUTINGKEY} INFO ] 2023-12-27 18:35:26.670 TableLayOutScreen:764 - Seat2 is not Added
[${ROUTINGKEY} INFO ] 2023-12-27 18:36:16.617 TableLayOutScreen:1807 - Seat 1 SubTotal - $ 63.87
[${ROUTINGKEY} INFO ] 2023-12-27 18:44:32.398 TableLayOutScreen:764 - Seat2 is not Added
[${ROUTINGKEY} INFO ] 2023-12-27 18:45:22.215 TableLayOutScreen:1807 - Seat 1 SubTotal - $ 42.60
[${ROUTINGKEY} INFO ] 2023-12-27 19:54:53.579 OrderManagementScreen:1271 -  Tax is - $ 1.20
[${ROUTINGKEY} INFO ] 2023-12-27 19:54:59.123 OrderManagementScreen:1271 -  Tax is - $ 1.20
[${ROUTINGKEY} INFO ] 2023-12-27 20:05:19.537 Regression:5018 - Split Check - 37-008
[${ROUTINGKEY} INFO ] 2023-12-27 20:06:52.855 Regression:5018 - Split Check - 37-010
[${ROUTINGKEY} INFO ] 2023-12-27 20:08:31.450 Regression:5018 - Split Check - 37-012
[${ROUTINGKEY} INFO ] 2023-12-27 20:10:02.983 Regression:5018 - Split Check - 37-014
[${ROUTINGKEY} INFO ] 2023-12-27 20:10:03.032 TableLayOutScreen:1569 - seatNumber - 2
[${ROUTINGKEY} INFO ] 2023-12-27 20:10:03.032 TableLayOutScreen:1570 - seatNumber11 - 1
[${ROUTINGKEY} INFO ] 2023-12-27 20:10:03.032 TableLayOutScreen:1572 - Seat Number - 1 is Available
[${ROUTINGKEY} INFO ] 2023-12-27 20:11:37.227 Regression:5018 - Split Check - 37-016
[${ROUTINGKEY} INFO ] 2023-12-27 20:13:03.899 Regression:5018 - Split Check - 37-018
[${ROUTINGKEY} INFO ] 2023-12-27 20:14:37.299 Regression:5018 - Split Check - 37-020
[${ROUTINGKEY} INFO ] 2023-12-27 20:16:02.846 Regression:5018 - Split Check - 37-022
[${ROUTINGKEY} INFO ] 2023-12-27 20:16:02.873 TableLayOutScreen:1569 - seatNumber - 2
[${ROUTINGKEY} INFO ] 2023-12-27 20:16:02.873 TableLayOutScreen:1570 - seatNumber11 - 1
[${ROUTINGKEY} INFO ] 2023-12-27 20:16:02.874 TableLayOutScreen:1572 - Seat Number - 1 is Available
[${ROUTINGKEY} INFO ] 2023-12-27 20:17:43.847 TableLayOutScreen:764 - Seat2 is not Added
[${ROUTINGKEY} INFO ] 2023-12-27 20:18:31.600 TableLayOutScreen:1807 - Seat 1 SubTotal - $ 72.23
[${ROUTINGKEY} INFO ] 2023-12-27 20:21:32.328 TableLayOutScreen:762 - Seat2 is Added 
