[${ROUTINGKEY} INFO ] 2024-01-12 11:52:15.267 PaymentWindow:1230 - 0.12
[${ROUTINGKEY} INFO ] 2024-01-12 11:52:15.372 Hooks:50 - Failed Scenario Name : verifying Change due is displaying for fast cash payment.
[${ROUTINGKEY} INFO ] 2024-01-12 11:54:59.053 PaymentWindow:1230 - 0.12
[${ROUTINGKEY} INFO ] 2024-01-12 11:54:59.116 PaymentWindow:1234 - Expected Cash Price is SAME with Actual Cash Price - 0.8775
[${ROUTINGKEY} INFO ] 2024-01-12 11:54:59.389 PaymentWindow:1114 - Fast Cash Value is SAME with cash price - $ 0.88
[${ROUTINGKEY} INFO ] 2024-01-12 11:54:59.566 PaymentWindow:1122 - Cash value is SAME - $ 0.88
[${ROUTINGKEY} INFO ] 2024-01-12 11:55:01.970 PaymentWindow:1020 - 0.88
[${ROUTINGKEY} INFO ] 2024-01-12 11:55:01.972 PaymentWindow:1022 - Cash Price Value is Same with the Digital Receipt Screen - 0.88
[${ROUTINGKEY} INFO ] 2024-01-12 13:56:58.927 Hooks:50 - Failed Scenario Name : verify currently showing If you pay by cash
[${ROUTINGKEY} INFO ] 2024-01-12 13:58:40.790 PaymentWindow:1239 - 1.21
[${ROUTINGKEY} INFO ] 2024-01-12 13:58:40.794 PaymentWindow:1243 - Expected Cash Price is SAME with Actual Cash Price - 8.68725
[${ROUTINGKEY} INFO ] 2024-01-12 13:58:40.990 PaymentWindow:1470 - Total is SAME with Balance Due Payment screen - $ 9.90
[${ROUTINGKEY} INFO ] 2024-01-12 13:58:41.154 PaymentWindow:1477 - Cash Price is Same with Paid Amount - 8.69
[${ROUTINGKEY} INFO ] 2024-01-12 13:58:41.318 PaymentWindow:1017 - 8.69
[${ROUTINGKEY} INFO ] 2024-01-12 13:58:41.318 PaymentWindow:1019 - Cash Price Value is Same with the Digital Receipt Screen - 8.69
[${ROUTINGKEY} INFO ] 2024-01-12 13:59:00.489 Hooks:50 - Failed Scenario Name : verify cash reward with Inclusive tax
[${ROUTINGKEY} INFO ] 2024-01-12 14:00:42.629 OrderManagementScreen:1303 -  Tax is - $ 0.65
[${ROUTINGKEY} INFO ] 2024-01-12 14:00:49.735 Hooks:50 - Failed Scenario Name : verify cash reward with Quantity based tax
[${ROUTINGKEY} INFO ] 2024-01-12 14:02:57.533 Hooks:50 - Failed Scenario Name : verify cash reward with Tax exempt
[${ROUTINGKEY} INFO ] 2024-01-12 14:04:38.657 PaymentWindow:1239 - 1.21
[${ROUTINGKEY} INFO ] 2024-01-12 14:04:38.658 PaymentWindow:1243 - Expected Cash Price is SAME with Actual Cash Price - 8.68725
[${ROUTINGKEY} INFO ] 2024-01-12 14:04:39.085 OrderManagementScreen:1014 - Cash Price Value is SAME - $ 10.80
[${ROUTINGKEY} INFO ] 2024-01-12 14:04:39.097 PaymentWindow:1320 - 0.9
[${ROUTINGKEY} INFO ] 2024-01-12 14:04:39.098 PaymentWindow:1324 - Total Prize - 9.9
[${ROUTINGKEY} INFO ] 2024-01-12 14:04:39.099 PaymentWindow:1331 - 1.21275
[${ROUTINGKEY} INFO ] 2024-01-12 14:04:39.099 PaymentWindow:1333 - 9.587250000000001
[${ROUTINGKEY} INFO ] 2024-01-12 14:04:39.127 Hooks:50 - Failed Scenario Name : verify cash reward with Gratuity
[${ROUTINGKEY} INFO ] 2024-01-12 14:06:18.616 PaymentWindow:1239 - 2.0
[${ROUTINGKEY} INFO ] 2024-01-12 14:06:18.623 Hooks:50 - Failed Scenario Name : verify cash reward with Inclusive tax& Gratuity
[${ROUTINGKEY} INFO ] 2024-01-12 14:08:00.220 OrderManagementScreen:1303 -  Tax is - $ 0.65
[${ROUTINGKEY} INFO ] 2024-01-12 14:08:00.297 Discount:150 - Total Value is - $ 14.95
[${ROUTINGKEY} INFO ] 2024-01-12 14:08:00.310 PaymentWindow:1320 - 1.3
[${ROUTINGKEY} INFO ] 2024-01-12 14:08:00.311 PaymentWindow:1324 - Total Prize - 13.65
[${ROUTINGKEY} INFO ] 2024-01-12 14:08:00.312 PaymentWindow:1331 - 1.672125
[${ROUTINGKEY} INFO ] 2024-01-12 14:08:00.312 PaymentWindow:1333 - 13.277875000000002
[${ROUTINGKEY} INFO ] 2024-01-12 14:08:00.338 Hooks:50 - Failed Scenario Name : verify cash reward with Quantity based tax & Gratuity
[${ROUTINGKEY} INFO ] 2024-01-12 14:09:41.361 OrderManagementScreen:960 - Service Charge Value is - $ 0.23
[${ROUTINGKEY} INFO ] 2024-01-12 14:09:41.400 OrderManagementScreen:1014 - Cash Price Value is SAME - $ 3.52
[${ROUTINGKEY} INFO ] 2024-01-12 14:09:41.413 PaymentWindow:1409 - 0.23
[${ROUTINGKEY} INFO ] 2024-01-12 14:09:41.414 PaymentWindow:1413 - Total Prize - 3.52
[${ROUTINGKEY} INFO ] 2024-01-12 14:09:41.415 PaymentWindow:1420 - 0.43119999999999997
[${ROUTINGKEY} INFO ] 2024-01-12 14:09:41.432 Hooks:50 - Failed Scenario Name : verify cash reward with Exclusive tax & service charge
[${ROUTINGKEY} INFO ] 2024-01-12 14:11:22.720 OrderManagementScreen:960 - Service Charge Value is - $ 0.27
[${ROUTINGKEY} INFO ] 2024-01-12 14:11:22.756 OrderManagementScreen:1014 - Cash Price Value is SAME - $ 3.79
[${ROUTINGKEY} INFO ] 2024-01-12 14:11:22.795 OrderManagementScreen:726 - Cash Price is SAME - $ 3.33
[${ROUTINGKEY} INFO ] 2024-01-12 14:11:22.925 PaymentWindow:1123 - Fast Cash Value is SAME with cash price - $ 3.33
[${ROUTINGKEY} INFO ] 2024-01-12 14:11:22.999 PaymentWindow:1131 - Cash value is SAME - $ 3.33
[${ROUTINGKEY} INFO ] 2024-01-12 14:11:23.214 PaymentWindow:1017 - 3.33
[${ROUTINGKEY} INFO ] 2024-01-12 14:11:23.214 PaymentWindow:1019 - Cash Price Value is Same with the Digital Receipt Screen - 3.33
[${ROUTINGKEY} INFO ] 2024-01-12 14:11:44.189 OrderManagementScreen:960 - Service Charge Value is - $ 1.00
[${ROUTINGKEY} INFO ] 2024-01-12 14:11:44.211 OrderManagementScreen:1014 - Cash Price Value is SAME - $ 14.81
[${ROUTINGKEY} INFO ] 2024-01-12 14:11:44.231 OrderManagementScreen:726 - Cash Price is SAME - $ 13.00
[${ROUTINGKEY} INFO ] 2024-01-12 14:11:44.480 OrderManagementScreen:960 - Service Charge Value is - $ 4.98
[${ROUTINGKEY} INFO ] 2024-01-12 14:11:44.522 OrderManagementScreen:1014 - Cash Price Value is SAME - $ 77.28
[${ROUTINGKEY} INFO ] 2024-01-12 14:11:44.558 OrderManagementScreen:726 - Cash Price is SAME - $ 67.81
[${ROUTINGKEY} INFO ] 2024-01-12 14:11:44.805 OrderManagementScreen:960 - Service Charge Value is - $ 7.96
[${ROUTINGKEY} INFO ] 2024-01-12 14:11:44.827 OrderManagementScreen:1014 - Cash Price Value is SAME - $ 128.83
[${ROUTINGKEY} INFO ] 2024-01-12 14:11:44.856 OrderManagementScreen:726 - Cash Price is SAME - $ 113.05
[${ROUTINGKEY} INFO ] 2024-01-12 14:11:44.971 PaymentWindow:1123 - Fast Cash Value is SAME with cash price - $ 113.05
[${ROUTINGKEY} INFO ] 2024-01-12 14:11:45.056 PaymentWindow:1131 - Cash value is SAME - $ 113.05
[${ROUTINGKEY} INFO ] 2024-01-12 14:11:45.239 PaymentWindow:1017 - 113.05
[${ROUTINGKEY} INFO ] 2024-01-12 14:11:45.239 PaymentWindow:1019 - Cash Price Value is Same with the Digital Receipt Screen - 113.05
[${ROUTINGKEY} INFO ] 2024-01-12 14:12:06.386 CheckOptionsScreen:354 - Percentage value - 
[${ROUTINGKEY} INFO ] 2024-01-12 14:12:06.829 OrderManagementScreen:726 - Cash Price is SAME - $ 3.33
[${ROUTINGKEY} INFO ] 2024-01-12 14:12:06.959 PaymentWindow:1123 - Fast Cash Value is SAME with cash price - $ 3.33
[${ROUTINGKEY} INFO ] 2024-01-12 14:12:07.039 PaymentWindow:1131 - Cash value is SAME - $ 3.33
[${ROUTINGKEY} INFO ] 2024-01-12 14:12:07.237 PaymentWindow:1017 - 3.33
[${ROUTINGKEY} INFO ] 2024-01-12 14:12:07.237 PaymentWindow:1019 - Cash Price Value is Same with the Digital Receipt Screen - 3.33
[${ROUTINGKEY} INFO ] 2024-01-12 14:12:28.385 CheckOptionsScreen:354 - Percentage value - 
[${ROUTINGKEY} INFO ] 2024-01-12 14:12:28.734 OrderManagementScreen:726 - Cash Price is SAME - $ 3.58
[${ROUTINGKEY} INFO ] 2024-01-12 14:12:28.841 PaymentWindow:1123 - Fast Cash Value is SAME with cash price - $ 3.58
[${ROUTINGKEY} INFO ] 2024-01-12 14:12:28.894 PaymentWindow:1131 - Cash value is SAME - $ 3.58
[${ROUTINGKEY} INFO ] 2024-01-12 14:12:31.106 PaymentWindow:1029 - 3.58
[${ROUTINGKEY} INFO ] 2024-01-12 14:12:31.107 PaymentWindow:1031 - Cash Price Value is Same with the Digital Receipt Screen - 3.58
[${ROUTINGKEY} INFO ] 2024-01-12 14:12:52.285 CheckOptionsScreen:354 - Percentage value - 
[${ROUTINGKEY} INFO ] 2024-01-12 14:12:52.666 OrderManagementScreen:726 - Cash Price is SAME - $ 14.04
[${ROUTINGKEY} INFO ] 2024-01-12 14:12:53.020 OrderManagementScreen:726 - Cash Price is SAME - $ 73.01
[${ROUTINGKEY} INFO ] 2024-01-12 14:12:53.305 OrderManagementScreen:726 - Cash Price is SAME - $ 121.37
[${ROUTINGKEY} INFO ] 2024-01-12 14:12:53.427 PaymentWindow:1123 - Fast Cash Value is SAME with cash price - $ 121.37
[${ROUTINGKEY} INFO ] 2024-01-12 14:12:53.515 PaymentWindow:1131 - Cash value is SAME - $ 121.37
[${ROUTINGKEY} INFO ] 2024-01-12 14:12:55.738 PaymentWindow:1029 - 121.37
[${ROUTINGKEY} INFO ] 2024-01-12 14:12:55.739 PaymentWindow:1031 - Cash Price Value is Same with the Digital Receipt Screen - 121.37
[${ROUTINGKEY} INFO ] 2024-01-12 14:13:17.061 OrderManagementScreen:940 - Tax Value is - $ 0.32
[${ROUTINGKEY} INFO ] 2024-01-12 14:13:17.080 OrderManagementScreen:1014 - Cash Price Value is SAME - $ 11.68
[${ROUTINGKEY} INFO ] 2024-01-12 14:13:17.098 OrderManagementScreen:726 - Cash Price is SAME - $ 10.25
[${ROUTINGKEY} INFO ] 2024-01-12 14:13:17.222 PaymentWindow:1123 - Fast Cash Value is SAME with cash price - $ 10.25
[${ROUTINGKEY} INFO ] 2024-01-12 14:13:17.302 PaymentWindow:1131 - Cash value is SAME - $ 10.25
[${ROUTINGKEY} INFO ] 2024-01-12 14:13:19.506 PaymentWindow:1029 - 10.25
[${ROUTINGKEY} INFO ] 2024-01-12 14:13:19.506 PaymentWindow:1031 - Cash Price Value is Same with the Digital Receipt Screen - 10.25
[${ROUTINGKEY} INFO ] 2024-01-12 14:13:40.721 OrderManagementScreen:940 - Tax Value is - $ 1.37
[${ROUTINGKEY} INFO ] 2024-01-12 14:13:40.741 OrderManagementScreen:1014 - Cash Price Value is SAME - $ 10.63
[${ROUTINGKEY} INFO ] 2024-01-12 14:13:40.765 OrderManagementScreen:726 - Cash Price is SAME - $ 9.33
[${ROUTINGKEY} INFO ] 2024-01-12 14:13:40.896 PaymentWindow:1123 - Fast Cash Value is SAME with cash price - $ 9.33
[${ROUTINGKEY} INFO ] 2024-01-12 14:13:40.953 PaymentWindow:1131 - Cash value is SAME - $ 9.33
[${ROUTINGKEY} INFO ] 2024-01-12 14:13:43.161 PaymentWindow:1029 - 9.33
[${ROUTINGKEY} INFO ] 2024-01-12 14:13:43.162 PaymentWindow:1031 - Cash Price Value is Same with the Digital Receipt Screen - 9.33
[${ROUTINGKEY} INFO ] 2024-01-12 14:14:04.377 MenuOptionScreen:343 - Open Discount Screen Is Visible
[${ROUTINGKEY} INFO ] 2024-01-12 14:14:04.886 OrderManagementScreen:940 - Tax Value is - $ 2.68
[${ROUTINGKEY} INFO ] 2024-01-12 14:14:04.923 OrderManagementScreen:1014 - Cash Price Value is SAME - $ 9.32
[${ROUTINGKEY} INFO ] 2024-01-12 14:14:04.967 OrderManagementScreen:726 - Cash Price is SAME - $ 8.18
[${ROUTINGKEY} INFO ] 2024-01-12 14:14:05.074 PaymentWindow:1123 - Fast Cash Value is SAME with cash price - $ 8.18
[${ROUTINGKEY} INFO ] 2024-01-12 14:14:05.124 PaymentWindow:1131 - Cash value is SAME - $ 8.18
[${ROUTINGKEY} INFO ] 2024-01-12 14:14:07.368 PaymentWindow:1029 - 8.18
[${ROUTINGKEY} INFO ] 2024-01-12 14:14:07.369 PaymentWindow:1031 - Cash Price Value is Same with the Digital Receipt Screen - 8.18
[${ROUTINGKEY} INFO ] 2024-01-12 14:14:28.873 OrderManagementScreen:940 - Tax Value is - $ 1.36
[${ROUTINGKEY} INFO ] 2024-01-12 14:14:28.917 OrderManagementScreen:1014 - Cash Price Value is SAME - $ 13.64
[${ROUTINGKEY} INFO ] 2024-01-12 14:14:28.956 OrderManagementScreen:726 - Cash Price is SAME - $ 11.97
[${ROUTINGKEY} INFO ] 2024-01-12 14:14:29.077 PaymentWindow:1123 - Fast Cash Value is SAME with cash price - $ 11.97
[${ROUTINGKEY} INFO ] 2024-01-12 14:14:29.162 PaymentWindow:1131 - Cash value is SAME - $ 11.97
[${ROUTINGKEY} INFO ] 2024-01-12 14:14:31.386 PaymentWindow:1029 - 11.97
[${ROUTINGKEY} INFO ] 2024-01-12 14:14:31.387 PaymentWindow:1031 - Cash Price Value is Same with the Digital Receipt Screen - 11.97
[${ROUTINGKEY} INFO ] 2024-01-12 14:14:52.700 OrderManagementScreen:940 - Tax Value is - $ 1.37
[${ROUTINGKEY} INFO ] 2024-01-12 14:14:52.718 OrderManagementScreen:1014 - Cash Price Value is SAME - $ 13.63
[${ROUTINGKEY} INFO ] 2024-01-12 14:14:52.736 OrderManagementScreen:726 - Cash Price is SAME - $ 11.96
[${ROUTINGKEY} INFO ] 2024-01-12 14:14:52.826 PaymentWindow:1123 - Fast Cash Value is SAME with cash price - $ 11.96
[${ROUTINGKEY} INFO ] 2024-01-12 14:14:52.880 PaymentWindow:1131 - Cash value is SAME - $ 11.96
[${ROUTINGKEY} INFO ] 2024-01-12 14:14:55.072 PaymentWindow:1029 - 11.96
[${ROUTINGKEY} INFO ] 2024-01-12 14:14:55.072 PaymentWindow:1031 - Cash Price Value is Same with the Digital Receipt Screen - 11.96
[${ROUTINGKEY} INFO ] 2024-01-12 14:15:16.152 MenuOptionScreen:343 - Open Discount Screen Is Visible
[${ROUTINGKEY} INFO ] 2024-01-12 14:15:16.640 OrderManagementScreen:940 - Tax Value is - $ 3.04
[${ROUTINGKEY} INFO ] 2024-01-12 14:15:16.662 OrderManagementScreen:1014 - Cash Price Value is SAME - $ 11.96
[${ROUTINGKEY} INFO ] 2024-01-12 14:15:16.684 OrderManagementScreen:726 - Cash Price is SAME - $ 10.49
[${ROUTINGKEY} INFO ] 2024-01-12 14:15:16.800 PaymentWindow:1123 - Fast Cash Value is SAME with cash price - $ 10.49
[${ROUTINGKEY} INFO ] 2024-01-12 14:15:16.855 PaymentWindow:1131 - Cash value is SAME - $ 10.49
[${ROUTINGKEY} INFO ] 2024-01-12 14:15:19.053 PaymentWindow:1029 - 10.49
[${ROUTINGKEY} INFO ] 2024-01-12 14:15:19.053 PaymentWindow:1031 - Cash Price Value is Same with the Digital Receipt Screen - 10.49
[${ROUTINGKEY} INFO ] 2024-01-12 14:15:40.302 OrderManagementScreen:940 - Tax Value is - $ 1.30
[${ROUTINGKEY} INFO ] 2024-01-12 14:15:40.320 OrderManagementScreen:1014 - Cash Price Value is SAME - $ 12.35
[${ROUTINGKEY} INFO ] 2024-01-12 14:15:40.350 OrderManagementScreen:726 - Cash Price is SAME - $ 10.84
[${ROUTINGKEY} INFO ] 2024-01-12 14:15:40.595 OrderManagementScreen:940 - Tax Value is - $ 6.50
[${ROUTINGKEY} INFO ] 2024-01-12 14:15:40.631 OrderManagementScreen:1014 - Cash Price Value is SAME - $ 65.00
[${ROUTINGKEY} INFO ] 2024-01-12 14:15:40.660 OrderManagementScreen:726 - Cash Price is SAME - $ 57.04
[${ROUTINGKEY} INFO ] 2024-01-12 14:15:40.887 OrderManagementScreen:940 - Tax Value is - $ 10.40
[${ROUTINGKEY} INFO ] 2024-01-12 14:15:40.910 OrderManagementScreen:1014 - Cash Price Value is SAME - $ 109.20
[${ROUTINGKEY} INFO ] 2024-01-12 14:15:40.934 OrderManagementScreen:726 - Cash Price is SAME - $ 95.82
[${ROUTINGKEY} INFO ] 2024-01-12 14:15:41.042 PaymentWindow:1123 - Fast Cash Value is SAME with cash price - $ 95.82
[${ROUTINGKEY} INFO ] 2024-01-12 14:15:41.118 PaymentWindow:1131 - Cash value is SAME - $ 95.82
[${ROUTINGKEY} INFO ] 2024-01-12 14:15:43.337 PaymentWindow:1029 - 95.82
[${ROUTINGKEY} INFO ] 2024-01-12 14:15:43.338 PaymentWindow:1031 - Cash Price Value is Same with the Digital Receipt Screen - 95.82
[${ROUTINGKEY} INFO ] 2024-01-12 14:16:04.528 OrderManagementScreen:940 - Tax Value is - $ 12.61
[${ROUTINGKEY} INFO ] 2024-01-12 14:16:04.552 OrderManagementScreen:1014 - Cash Price Value is SAME - $ 1.04
[${ROUTINGKEY} INFO ] 2024-01-12 14:16:04.575 OrderManagementScreen:726 - Cash Price is SAME - $ 0.91
[${ROUTINGKEY} INFO ] 2024-01-12 14:16:04.836 OrderManagementScreen:940 - Tax Value is - $ 64.61
[${ROUTINGKEY} INFO ] 2024-01-12 14:16:04.858 OrderManagementScreen:1014 - Cash Price Value is SAME - $ 6.89
[${ROUTINGKEY} INFO ] 2024-01-12 14:16:04.887 OrderManagementScreen:726 - Cash Price is SAME - $ 6.05
[${ROUTINGKEY} INFO ] 2024-01-12 14:16:05.085 OrderManagementScreen:940 - Tax Value is - $ 103.61
[${ROUTINGKEY} INFO ] 2024-01-12 14:16:05.121 OrderManagementScreen:1014 - Cash Price Value is SAME - $ 15.99
[${ROUTINGKEY} INFO ] 2024-01-12 14:16:05.161 OrderManagementScreen:726 - Cash Price is SAME - $ 14.03
[${ROUTINGKEY} INFO ] 2024-01-12 14:16:05.253 PaymentWindow:1123 - Fast Cash Value is SAME with cash price - $ 14.03
[${ROUTINGKEY} INFO ] 2024-01-12 14:16:05.307 PaymentWindow:1131 - Cash value is SAME - $ 14.03
[${ROUTINGKEY} INFO ] 2024-01-12 14:16:07.512 PaymentWindow:1029 - 14.03
[${ROUTINGKEY} INFO ] 2024-01-12 14:16:07.513 PaymentWindow:1031 - Cash Price Value is Same with the Digital Receipt Screen - 14.03
[${ROUTINGKEY} INFO ] 2024-01-12 14:16:28.581 MenuOptionScreen:343 - Open Discount Screen Is Visible
[${ROUTINGKEY} INFO ] 2024-01-12 14:16:29.047 OrderManagementScreen:940 - Tax Value is - $ 23.21
[${ROUTINGKEY} INFO ] 2024-01-12 14:16:29.068 OrderManagementScreen:1014 - Cash Price Value is SAME - $ 96.39
[${ROUTINGKEY} INFO ] 2024-01-12 14:16:29.091 OrderManagementScreen:726 - Cash Price is SAME - $ 84.58
[${ROUTINGKEY} INFO ] 2024-01-12 14:16:29.188 PaymentWindow:1123 - Fast Cash Value is SAME with cash price - $ 84.58
[${ROUTINGKEY} INFO ] 2024-01-12 14:16:29.242 PaymentWindow:1131 - Cash value is SAME - $ 84.58
[${ROUTINGKEY} INFO ] 2024-01-12 14:16:31.436 PaymentWindow:1029 - 84.58
[${ROUTINGKEY} INFO ] 2024-01-12 14:16:31.436 PaymentWindow:1031 - Cash Price Value is Same with the Digital Receipt Screen - 84.58
[${ROUTINGKEY} INFO ] 2024-01-12 14:16:52.986 CheckOptionsScreen:354 - Percentage value - 
[${ROUTINGKEY} INFO ] 2024-01-12 14:16:53.244 OrderManagementScreen:940 - Tax Value is - $ 0.30
[${ROUTINGKEY} INFO ] 2024-01-12 14:16:53.266 OrderManagementScreen:1092 - Gratuity Value is - $ 0.21
[${ROUTINGKEY} INFO ] 2024-01-12 14:16:53.338 OrderManagementScreen:1057 - Cash Price Value is SAME - $ 3.39
[${ROUTINGKEY} INFO ] 2024-01-12 14:16:53.376 OrderManagementScreen:726 - Cash Price is SAME - $ 3.00
[${ROUTINGKEY} INFO ] 2024-01-12 14:16:53.489 PaymentWindow:1123 - Fast Cash Value is SAME with cash price - $ 3.00
[${ROUTINGKEY} INFO ] 2024-01-12 14:16:53.542 PaymentWindow:1131 - Cash value is SAME - $ 3.00
[${ROUTINGKEY} INFO ] 2024-01-12 14:16:55.729 PaymentWindow:1029 - 3.00
[${ROUTINGKEY} INFO ] 2024-01-12 14:16:55.730 PaymentWindow:1031 - Cash Price Value is Same with the Digital Receipt Screen - 3.00
[${ROUTINGKEY} INFO ] 2024-01-12 14:17:17.390 CheckOptionsScreen:354 - Percentage value - 
[${ROUTINGKEY} INFO ] 2024-01-12 14:17:17.718 OrderManagementScreen:940 - Tax Value is - $ 3.09
[${ROUTINGKEY} INFO ] 2024-01-12 14:17:17.753 OrderManagementScreen:1092 - Gratuity Value is - $ 0.01
[${ROUTINGKEY} INFO ] 2024-01-12 14:17:17.824 OrderManagementScreen:1057 - Cash Price Value is SAME - $ 0.43
[${ROUTINGKEY} INFO ] 2024-01-12 14:17:17.862 OrderManagementScreen:726 - Cash Price is SAME - $ 0.38
[${ROUTINGKEY} INFO ] 2024-01-12 14:17:17.986 PaymentWindow:1123 - Fast Cash Value is SAME with cash price - $ 0.38
[${ROUTINGKEY} INFO ] 2024-01-12 14:17:18.055 PaymentWindow:1131 - Cash value is SAME - $ 0.38
[${ROUTINGKEY} INFO ] 2024-01-12 14:17:20.295 PaymentWindow:1029 - 0.38
[${ROUTINGKEY} INFO ] 2024-01-12 14:17:20.296 PaymentWindow:1031 - Cash Price Value is Same with the Digital Receipt Screen - 0.38
[${ROUTINGKEY} INFO ] 2024-01-12 14:17:41.321 MenuOptionScreen:343 - Open Discount Screen Is Visible
[${ROUTINGKEY} INFO ] 2024-01-12 14:17:42.037 CheckOptionsScreen:354 - Percentage value - 
[${ROUTINGKEY} INFO ] 2024-01-12 14:17:42.313 OrderManagementScreen:940 - Tax Value is - $ 0.66
[${ROUTINGKEY} INFO ] 2024-01-12 14:17:42.335 OrderManagementScreen:1092 - Gratuity Value is - $ 0.18
[${ROUTINGKEY} INFO ] 2024-01-12 14:17:42.376 OrderManagementScreen:1057 - Cash Price Value is SAME - $ 2.98
[${ROUTINGKEY} INFO ] 2024-01-12 14:17:42.417 OrderManagementScreen:726 - Cash Price is SAME - $ 2.64
[${ROUTINGKEY} INFO ] 2024-01-12 14:17:42.526 PaymentWindow:1123 - Fast Cash Value is SAME with cash price - $ 2.64
[${ROUTINGKEY} INFO ] 2024-01-12 14:17:42.597 PaymentWindow:1131 - Cash value is SAME - $ 2.64
[${ROUTINGKEY} INFO ] 2024-01-12 14:17:44.794 PaymentWindow:1029 - 2.64
[${ROUTINGKEY} INFO ] 2024-01-12 14:17:44.795 PaymentWindow:1031 - Cash Price Value is Same with the Digital Receipt Screen - 2.64
[${ROUTINGKEY} INFO ] 2024-01-12 14:18:39.913 Hooks:50 - Failed Scenario Name : LIN-22521 - In reopen check, dual price displaying wrongly in the following scenario
[${ROUTINGKEY} INFO ] 2024-01-12 17:19:09.779 PaymentWindow:1251 - 0.12
[${ROUTINGKEY} INFO ] 2024-01-12 17:19:09.811 PaymentWindow:1255 - Expected Cash Price is SAME with Actual Cash Price - 0.8775
[${ROUTINGKEY} INFO ] 2024-01-12 17:19:09.981 PaymentWindow:1135 - Fast Cash Value is SAME with cash price - $ 0.88
[${ROUTINGKEY} INFO ] 2024-01-12 17:19:10.084 PaymentWindow:1143 - Cash value is SAME - $ 0.88
[${ROUTINGKEY} INFO ] 2024-01-12 17:19:12.393 PaymentWindow:1041 - 0.88
[${ROUTINGKEY} INFO ] 2024-01-12 17:19:12.393 PaymentWindow:1043 - Cash Price Value is Same with the Digital Receipt Screen - 0.88
[${ROUTINGKEY} INFO ] 2024-01-12 17:19:33.358 PaymentWindow:1251 - 0.12
[${ROUTINGKEY} INFO ] 2024-01-12 17:19:33.358 PaymentWindow:1255 - Expected Cash Price is SAME with Actual Cash Price - 0.8775
[${ROUTINGKEY} INFO ] 2024-01-12 17:19:33.457 PaymentWindow:1503 - Total is SAME with Balance Due Payment screen - $ 1.00
[${ROUTINGKEY} INFO ] 2024-01-12 17:19:33.591 PaymentWindow:1510 - Cash Price is Same with Paid Amount - 0.88
[${ROUTINGKEY} INFO ] 2024-01-12 17:19:33.715 PaymentWindow:1029 - 0.88
[${ROUTINGKEY} INFO ] 2024-01-12 17:19:33.715 PaymentWindow:1031 - Cash Price Value is Same with the Digital Receipt Screen - 0.88
[${ROUTINGKEY} INFO ] 2024-01-12 17:19:54.551 PaymentWindow:1251 - 1.21
[${ROUTINGKEY} INFO ] 2024-01-12 17:19:54.551 PaymentWindow:1255 - Expected Cash Price is SAME with Actual Cash Price - 8.68725
[${ROUTINGKEY} INFO ] 2024-01-12 17:19:54.624 PaymentWindow:1503 - Total is SAME with Balance Due Payment screen - $ 9.90
[${ROUTINGKEY} INFO ] 2024-01-12 17:19:54.739 PaymentWindow:1510 - Cash Price is Same with Paid Amount - 8.69
[${ROUTINGKEY} INFO ] 2024-01-12 17:19:54.844 PaymentWindow:1029 - 8.69
[${ROUTINGKEY} INFO ] 2024-01-12 17:19:54.845 PaymentWindow:1031 - Cash Price Value is Same with the Digital Receipt Screen - 8.69
[${ROUTINGKEY} INFO ] 2024-01-12 17:20:13.872 PaymentWindow:1272 - 1.84
[${ROUTINGKEY} INFO ] 2024-01-12 17:20:13.872 PaymentWindow:1276 - Expected Cash Price is SAME with Actual Cash Price - 13.1625
[${ROUTINGKEY} INFO ] 2024-01-12 17:20:13.952 PaymentWindow:1503 - Total is SAME with Balance Due Payment screen - $ 15.00
[${ROUTINGKEY} INFO ] 2024-01-12 17:20:14.083 PaymentWindow:1510 - Cash Price is Same with Paid Amount - 13.16
[${ROUTINGKEY} INFO ] 2024-01-12 17:20:14.205 PaymentWindow:1029 - 13.16
[${ROUTINGKEY} INFO ] 2024-01-12 17:20:14.206 PaymentWindow:1031 - Cash Price Value is Same with the Digital Receipt Screen - 13.16
[${ROUTINGKEY} INFO ] 2024-01-12 17:20:34.949 OrderManagementScreen:1303 -  Tax is - $ 0.65
[${ROUTINGKEY} INFO ] 2024-01-12 17:20:34.982 Hooks:50 - Failed Scenario Name : verify cash reward with Quantity based tax
[${ROUTINGKEY} INFO ] 2024-01-12 17:22:12.902 Hooks:50 - Failed Scenario Name : verify cash reward with Tax exempt
[${ROUTINGKEY} INFO ] 2024-01-12 17:23:50.708 PaymentWindow:1251 - 1.21
[${ROUTINGKEY} INFO ] 2024-01-12 17:23:50.708 PaymentWindow:1255 - Expected Cash Price is SAME with Actual Cash Price - 8.68725
[${ROUTINGKEY} INFO ] 2024-01-12 17:23:51.075 OrderManagementScreen:1014 - Cash Price Value is SAME - $ 10.80
[${ROUTINGKEY} INFO ] 2024-01-12 17:23:51.080 PaymentWindow:1353 - 0.9
[${ROUTINGKEY} INFO ] 2024-01-12 17:23:51.081 PaymentWindow:1357 - Total Prize - 9.9
[${ROUTINGKEY} INFO ] 2024-01-12 17:23:51.081 PaymentWindow:1364 - 1.21275
[${ROUTINGKEY} INFO ] 2024-01-12 17:23:51.081 PaymentWindow:1366 - 9.587250000000001
[${ROUTINGKEY} INFO ] 2024-01-12 17:23:51.094 PaymentWindow:1373 - Expected Cash Price is SAME with Actual Cash Price - 9.59
[${ROUTINGKEY} INFO ] 2024-01-12 17:23:51.193 PaymentWindow:1503 - Total is SAME with Balance Due Payment screen - $ 10.80
[${ROUTINGKEY} INFO ] 2024-01-12 17:23:51.368 PaymentWindow:1510 - Cash Price is Same with Paid Amount - 9.59
[${ROUTINGKEY} INFO ] 2024-01-12 17:23:51.483 PaymentWindow:1029 - 9.59
[${ROUTINGKEY} INFO ] 2024-01-12 17:23:51.483 PaymentWindow:1031 - Cash Price Value is Same with the Digital Receipt Screen - 9.59
[${ROUTINGKEY} INFO ] 2024-01-12 17:24:10.516 PaymentWindow:1272 - 1.84
[${ROUTINGKEY} INFO ] 2024-01-12 17:24:10.517 PaymentWindow:1276 - Expected Cash Price is SAME with Actual Cash Price - 13.1625
[${ROUTINGKEY} INFO ] 2024-01-12 17:24:10.856 OrderManagementScreen:1014 - Cash Price Value is SAME - $ 16.36
[${ROUTINGKEY} INFO ] 2024-01-12 17:24:10.862 PaymentWindow:1383 - 1.36
[${ROUTINGKEY} INFO ] 2024-01-12 17:24:10.863 PaymentWindow:1386 - Total Prize - 15.0
[${ROUTINGKEY} INFO ] 2024-01-12 17:24:10.863 PaymentWindow:1393 - 1.8375
[${ROUTINGKEY} INFO ] 2024-01-12 17:24:10.863 PaymentWindow:1395 - 14.522499999999999
[${ROUTINGKEY} INFO ] 2024-01-12 17:24:10.883 Hooks:50 - Failed Scenario Name : verify cash reward with Inclusive tax& Gratuity
[${ROUTINGKEY} INFO ] 2024-01-12 17:25:49.243 OrderManagementScreen:1303 -  Tax is - $ 0.65
[${ROUTINGKEY} INFO ] 2024-01-12 17:25:49.294 Discount:150 - Total Value is - $ 14.95
[${ROUTINGKEY} INFO ] 2024-01-12 17:25:49.300 PaymentWindow:1353 - 1.3
[${ROUTINGKEY} INFO ] 2024-01-12 17:25:49.300 PaymentWindow:1357 - Total Prize - 13.65
[${ROUTINGKEY} INFO ] 2024-01-12 17:25:49.300 PaymentWindow:1364 - 1.672125
[${ROUTINGKEY} INFO ] 2024-01-12 17:25:49.300 PaymentWindow:1366 - 13.277875000000002
[${ROUTINGKEY} INFO ] 2024-01-12 17:25:49.318 PaymentWindow:1373 - Expected Cash Price is SAME with Actual Cash Price - 13.28
[${ROUTINGKEY} INFO ] 2024-01-12 17:25:49.524 OrderManagementScreen:1303 -  Tax is - $ 6.50
[${ROUTINGKEY} INFO ] 2024-01-12 17:25:49.557 Discount:150 - Total Value is - $ 78.00
[${ROUTINGKEY} INFO ] 2024-01-12 17:25:49.567 PaymentWindow:1353 - 6.5
[${ROUTINGKEY} INFO ] 2024-01-12 17:25:49.568 PaymentWindow:1357 - Total Prize - 71.5
[${ROUTINGKEY} INFO ] 2024-01-12 17:25:49.569 PaymentWindow:1364 - 8.75875
[${ROUTINGKEY} INFO ] 2024-01-12 17:25:49.569 PaymentWindow:1366 - 69.24125000000001
[${ROUTINGKEY} INFO ] 2024-01-12 17:25:49.582 PaymentWindow:1373 - Expected Cash Price is SAME with Actual Cash Price - 69.24
[${ROUTINGKEY} INFO ] 2024-01-12 17:25:49.766 OrderManagementScreen:1303 -  Tax is - $ 15.60
[${ROUTINGKEY} INFO ] 2024-01-12 17:25:49.808 Discount:150 - Total Value is - $ 130.00
[${ROUTINGKEY} INFO ] 2024-01-12 17:25:49.814 PaymentWindow:1353 - 10.4
[${ROUTINGKEY} INFO ] 2024-01-12 17:25:49.814 PaymentWindow:1357 - Total Prize - 119.6
[${ROUTINGKEY} INFO ] 2024-01-12 17:25:49.815 PaymentWindow:1364 - 14.651
[${ROUTINGKEY} INFO ] 2024-01-12 17:25:49.815 PaymentWindow:1366 - 115.349
[${ROUTINGKEY} INFO ] 2024-01-12 17:25:49.829 PaymentWindow:1373 - Expected Cash Price is SAME with Actual Cash Price - 115.35
[${ROUTINGKEY} INFO ] 2024-01-12 17:25:49.921 PaymentWindow:1503 - Total is SAME with Balance Due Payment screen - $ 130.00
[${ROUTINGKEY} INFO ] 2024-01-12 17:25:50.059 PaymentWindow:1510 - Cash Price is Same with Paid Amount - 115.35
[${ROUTINGKEY} INFO ] 2024-01-12 17:25:50.175 PaymentWindow:1029 - 115.35
[${ROUTINGKEY} INFO ] 2024-01-12 17:25:50.176 PaymentWindow:1031 - Cash Price Value is Same with the Digital Receipt Screen - 115.35
[${ROUTINGKEY} INFO ] 2024-01-12 17:26:10.992 OrderManagementScreen:960 - Service Charge Value is - $ 0.23
[${ROUTINGKEY} INFO ] 2024-01-12 17:26:11.012 OrderManagementScreen:1014 - Cash Price Value is SAME - $ 3.52
[${ROUTINGKEY} INFO ] 2024-01-12 17:26:11.017 PaymentWindow:1442 - 0.23
[${ROUTINGKEY} INFO ] 2024-01-12 17:26:11.017 PaymentWindow:1446 - Total Prize - 3.52
[${ROUTINGKEY} INFO ] 2024-01-12 17:26:11.018 PaymentWindow:1453 - 0.43119999999999997
[${ROUTINGKEY} INFO ] 2024-01-12 17:26:11.032 PaymentWindow:1463 - Expected Cash Price is SAME with Actual Cash Price - 3.09
[${ROUTINGKEY} INFO ] 2024-01-12 17:26:11.134 PaymentWindow:1135 - Fast Cash Value is SAME with cash price - $ 3.09
[${ROUTINGKEY} INFO ] 2024-01-12 17:26:11.220 PaymentWindow:1143 - Cash value is SAME - $ 3.09
[${ROUTINGKEY} INFO ] 2024-01-12 17:26:11.445 PaymentWindow:1029 - 3.09
[${ROUTINGKEY} INFO ] 2024-01-12 17:26:11.445 PaymentWindow:1031 - Cash Price Value is Same with the Digital Receipt Screen - 3.09
[${ROUTINGKEY} INFO ] 2024-01-12 17:26:32.292 OrderManagementScreen:960 - Service Charge Value is - $ 0.27
[${ROUTINGKEY} INFO ] 2024-01-12 17:26:32.311 OrderManagementScreen:1014 - Cash Price Value is SAME - $ 3.79
[${ROUTINGKEY} INFO ] 2024-01-12 17:26:32.331 OrderManagementScreen:726 - Cash Price is SAME - $ 3.33
[${ROUTINGKEY} INFO ] 2024-01-12 17:26:32.417 PaymentWindow:1135 - Fast Cash Value is SAME with cash price - $ 3.33
[${ROUTINGKEY} INFO ] 2024-01-12 17:26:32.481 PaymentWindow:1143 - Cash value is SAME - $ 3.33
[${ROUTINGKEY} INFO ] 2024-01-12 17:26:32.655 PaymentWindow:1029 - 3.33
[${ROUTINGKEY} INFO ] 2024-01-12 17:26:32.656 PaymentWindow:1031 - Cash Price Value is Same with the Digital Receipt Screen - 3.33
[${ROUTINGKEY} INFO ] 2024-01-12 17:26:53.460 OrderManagementScreen:960 - Service Charge Value is - $ 1.00
[${ROUTINGKEY} INFO ] 2024-01-12 17:26:53.489 OrderManagementScreen:1014 - Cash Price Value is SAME - $ 14.81
[${ROUTINGKEY} INFO ] 2024-01-12 17:26:53.518 OrderManagementScreen:726 - Cash Price is SAME - $ 13.00
[${ROUTINGKEY} INFO ] 2024-01-12 17:26:53.737 OrderManagementScreen:960 - Service Charge Value is - $ 4.98
[${ROUTINGKEY} INFO ] 2024-01-12 17:26:53.758 OrderManagementScreen:1014 - Cash Price Value is SAME - $ 77.28
[${ROUTINGKEY} INFO ] 2024-01-12 17:26:53.776 OrderManagementScreen:726 - Cash Price is SAME - $ 67.81
[${ROUTINGKEY} INFO ] 2024-01-12 17:26:53.977 OrderManagementScreen:960 - Service Charge Value is - $ 7.96
[${ROUTINGKEY} INFO ] 2024-01-12 17:26:54.001 OrderManagementScreen:1014 - Cash Price Value is SAME - $ 128.83
[${ROUTINGKEY} INFO ] 2024-01-12 17:26:54.021 OrderManagementScreen:726 - Cash Price is SAME - $ 113.05
[${ROUTINGKEY} INFO ] 2024-01-12 17:26:54.154 PaymentWindow:1135 - Fast Cash Value is SAME with cash price - $ 113.05
[${ROUTINGKEY} INFO ] 2024-01-12 17:26:54.228 PaymentWindow:1143 - Cash value is SAME - $ 113.05
[${ROUTINGKEY} INFO ] 2024-01-12 17:26:54.408 PaymentWindow:1029 - 113.05
[${ROUTINGKEY} INFO ] 2024-01-12 17:26:54.409 PaymentWindow:1031 - Cash Price Value is Same with the Digital Receipt Screen - 113.05
[${ROUTINGKEY} INFO ] 2024-01-12 17:27:15.385 CheckOptionsScreen:354 - Percentage value - 
[${ROUTINGKEY} INFO ] 2024-01-12 17:27:15.701 OrderManagementScreen:726 - Cash Price is SAME - $ 3.33
[${ROUTINGKEY} INFO ] 2024-01-12 17:27:15.811 PaymentWindow:1135 - Fast Cash Value is SAME with cash price - $ 3.33
[${ROUTINGKEY} INFO ] 2024-01-12 17:27:15.872 PaymentWindow:1143 - Cash value is SAME - $ 3.33
[${ROUTINGKEY} INFO ] 2024-01-12 17:27:16.047 PaymentWindow:1029 - 3.33
[${ROUTINGKEY} INFO ] 2024-01-12 17:27:16.047 PaymentWindow:1031 - Cash Price Value is Same with the Digital Receipt Screen - 3.33
[${ROUTINGKEY} INFO ] 2024-01-12 17:27:37.027 CheckOptionsScreen:354 - Percentage value - 
[${ROUTINGKEY} INFO ] 2024-01-12 17:27:37.392 OrderManagementScreen:726 - Cash Price is SAME - $ 3.58
[${ROUTINGKEY} INFO ] 2024-01-12 17:27:37.499 PaymentWindow:1135 - Fast Cash Value is SAME with cash price - $ 3.58
[${ROUTINGKEY} INFO ] 2024-01-12 17:27:37.583 PaymentWindow:1143 - Cash value is SAME - $ 3.58
[${ROUTINGKEY} INFO ] 2024-01-12 17:27:39.828 PaymentWindow:1041 - 3.58
[${ROUTINGKEY} INFO ] 2024-01-12 17:27:39.828 PaymentWindow:1043 - Cash Price Value is Same with the Digital Receipt Screen - 3.58
[${ROUTINGKEY} INFO ] 2024-01-12 17:28:00.805 CheckOptionsScreen:354 - Percentage value - 
[${ROUTINGKEY} INFO ] 2024-01-12 17:28:01.115 OrderManagementScreen:726 - Cash Price is SAME - $ 14.04
[${ROUTINGKEY} INFO ] 2024-01-12 17:28:01.364 OrderManagementScreen:726 - Cash Price is SAME - $ 73.01
[${ROUTINGKEY} INFO ] 2024-01-12 17:28:01.636 OrderManagementScreen:726 - Cash Price is SAME - $ 121.37
[${ROUTINGKEY} INFO ] 2024-01-12 17:28:01.720 PaymentWindow:1135 - Fast Cash Value is SAME with cash price - $ 121.37
[${ROUTINGKEY} INFO ] 2024-01-12 17:28:01.784 PaymentWindow:1143 - Cash value is SAME - $ 121.37
[${ROUTINGKEY} INFO ] 2024-01-12 17:28:03.977 PaymentWindow:1041 - 121.37
[${ROUTINGKEY} INFO ] 2024-01-12 17:28:03.978 PaymentWindow:1043 - Cash Price Value is Same with the Digital Receipt Screen - 121.37
[${ROUTINGKEY} INFO ] 2024-01-12 17:28:25.039 OrderManagementScreen:940 - Tax Value is - $ 0.32
[${ROUTINGKEY} INFO ] 2024-01-12 17:28:25.056 OrderManagementScreen:1014 - Cash Price Value is SAME - $ 11.68
[${ROUTINGKEY} INFO ] 2024-01-12 17:28:25.077 OrderManagementScreen:726 - Cash Price is SAME - $ 10.25
[${ROUTINGKEY} INFO ] 2024-01-12 17:28:25.196 PaymentWindow:1135 - Fast Cash Value is SAME with cash price - $ 10.25
[${ROUTINGKEY} INFO ] 2024-01-12 17:28:25.252 PaymentWindow:1143 - Cash value is SAME - $ 10.25
[${ROUTINGKEY} INFO ] 2024-01-12 17:28:27.444 PaymentWindow:1041 - 10.25
[${ROUTINGKEY} INFO ] 2024-01-12 17:28:27.445 PaymentWindow:1043 - Cash Price Value is Same with the Digital Receipt Screen - 10.25
[${ROUTINGKEY} INFO ] 2024-01-12 17:28:48.502 OrderManagementScreen:940 - Tax Value is - $ 1.37
[${ROUTINGKEY} INFO ] 2024-01-12 17:28:48.523 OrderManagementScreen:1014 - Cash Price Value is SAME - $ 10.63
[${ROUTINGKEY} INFO ] 2024-01-12 17:28:48.543 OrderManagementScreen:726 - Cash Price is SAME - $ 9.33
[${ROUTINGKEY} INFO ] 2024-01-12 17:28:48.642 PaymentWindow:1135 - Fast Cash Value is SAME with cash price - $ 9.33
[${ROUTINGKEY} INFO ] 2024-01-12 17:28:48.698 PaymentWindow:1143 - Cash value is SAME - $ 9.33
[${ROUTINGKEY} INFO ] 2024-01-12 17:28:50.908 PaymentWindow:1041 - 9.33
[${ROUTINGKEY} INFO ] 2024-01-12 17:28:50.908 PaymentWindow:1043 - Cash Price Value is Same with the Digital Receipt Screen - 9.33
[${ROUTINGKEY} INFO ] 2024-01-12 17:29:11.783 MenuOptionScreen:343 - Open Discount Screen Is Visible
[${ROUTINGKEY} INFO ] 2024-01-12 17:29:12.294 OrderManagementScreen:940 - Tax Value is - $ 2.68
[${ROUTINGKEY} INFO ] 2024-01-12 17:29:12.311 OrderManagementScreen:1014 - Cash Price Value is SAME - $ 9.32
[${ROUTINGKEY} INFO ] 2024-01-12 17:29:12.329 OrderManagementScreen:726 - Cash Price is SAME - $ 8.18
[${ROUTINGKEY} INFO ] 2024-01-12 17:29:12.415 PaymentWindow:1135 - Fast Cash Value is SAME with cash price - $ 8.18
[${ROUTINGKEY} INFO ] 2024-01-12 17:29:12.508 PaymentWindow:1143 - Cash value is SAME - $ 8.18
[${ROUTINGKEY} INFO ] 2024-01-12 17:29:14.715 PaymentWindow:1041 - 8.18
[${ROUTINGKEY} INFO ] 2024-01-12 17:29:14.715 PaymentWindow:1043 - Cash Price Value is Same with the Digital Receipt Screen - 8.18
[${ROUTINGKEY} INFO ] 2024-01-12 17:29:36.033 OrderManagementScreen:940 - Tax Value is - $ 1.36
[${ROUTINGKEY} INFO ] 2024-01-12 17:29:36.050 OrderManagementScreen:1014 - Cash Price Value is SAME - $ 13.64
[${ROUTINGKEY} INFO ] 2024-01-12 17:29:36.067 OrderManagementScreen:726 - Cash Price is SAME - $ 11.97
[${ROUTINGKEY} INFO ] 2024-01-12 17:29:36.163 PaymentWindow:1135 - Fast Cash Value is SAME with cash price - $ 11.97
[${ROUTINGKEY} INFO ] 2024-01-12 17:29:36.224 PaymentWindow:1143 - Cash value is SAME - $ 11.97
[${ROUTINGKEY} INFO ] 2024-01-12 17:29:38.413 PaymentWindow:1041 - 11.97
[${ROUTINGKEY} INFO ] 2024-01-12 17:29:38.413 PaymentWindow:1043 - Cash Price Value is Same with the Digital Receipt Screen - 11.97
[${ROUTINGKEY} INFO ] 2024-01-12 17:29:59.600 OrderManagementScreen:940 - Tax Value is - $ 1.37
[${ROUTINGKEY} INFO ] 2024-01-12 17:29:59.617 OrderManagementScreen:1014 - Cash Price Value is SAME - $ 13.63
[${ROUTINGKEY} INFO ] 2024-01-12 17:29:59.635 OrderManagementScreen:726 - Cash Price is SAME - $ 11.96
[${ROUTINGKEY} INFO ] 2024-01-12 17:29:59.727 PaymentWindow:1135 - Fast Cash Value is SAME with cash price - $ 11.96
[${ROUTINGKEY} INFO ] 2024-01-12 17:29:59.790 PaymentWindow:1143 - Cash value is SAME - $ 11.96
[${ROUTINGKEY} INFO ] 2024-01-12 17:30:02.007 PaymentWindow:1041 - 11.96
[${ROUTINGKEY} INFO ] 2024-01-12 17:30:02.007 PaymentWindow:1043 - Cash Price Value is Same with the Digital Receipt Screen - 11.96
[${ROUTINGKEY} INFO ] 2024-01-12 17:30:22.956 MenuOptionScreen:343 - Open Discount Screen Is Visible
[${ROUTINGKEY} INFO ] 2024-01-12 17:30:23.452 OrderManagementScreen:940 - Tax Value is - $ 3.04
[${ROUTINGKEY} INFO ] 2024-01-12 17:30:23.469 OrderManagementScreen:1014 - Cash Price Value is SAME - $ 11.96
[${ROUTINGKEY} INFO ] 2024-01-12 17:30:23.486 OrderManagementScreen:726 - Cash Price is SAME - $ 10.49
[${ROUTINGKEY} INFO ] 2024-01-12 17:30:23.567 PaymentWindow:1135 - Fast Cash Value is SAME with cash price - $ 10.49
[${ROUTINGKEY} INFO ] 2024-01-12 17:30:23.627 PaymentWindow:1143 - Cash value is SAME - $ 10.49
[${ROUTINGKEY} INFO ] 2024-01-12 17:30:25.828 PaymentWindow:1041 - 10.49
[${ROUTINGKEY} INFO ] 2024-01-12 17:30:25.828 PaymentWindow:1043 - Cash Price Value is Same with the Digital Receipt Screen - 10.49
[${ROUTINGKEY} INFO ] 2024-01-12 17:30:46.928 OrderManagementScreen:940 - Tax Value is - $ 1.30
[${ROUTINGKEY} INFO ] 2024-01-12 17:30:46.949 OrderManagementScreen:1014 - Cash Price Value is SAME - $ 12.35
[${ROUTINGKEY} INFO ] 2024-01-12 17:30:46.970 OrderManagementScreen:726 - Cash Price is SAME - $ 10.84
[${ROUTINGKEY} INFO ] 2024-01-12 17:30:47.195 OrderManagementScreen:940 - Tax Value is - $ 6.50
[${ROUTINGKEY} INFO ] 2024-01-12 17:30:47.213 OrderManagementScreen:1014 - Cash Price Value is SAME - $ 65.00
[${ROUTINGKEY} INFO ] 2024-01-12 17:30:47.232 OrderManagementScreen:726 - Cash Price is SAME - $ 57.04
[${ROUTINGKEY} INFO ] 2024-01-12 17:30:47.451 OrderManagementScreen:940 - Tax Value is - $ 10.40
[${ROUTINGKEY} INFO ] 2024-01-12 17:30:47.468 OrderManagementScreen:1014 - Cash Price Value is SAME - $ 109.20
[${ROUTINGKEY} INFO ] 2024-01-12 17:30:47.488 OrderManagementScreen:726 - Cash Price is SAME - $ 95.82
[${ROUTINGKEY} INFO ] 2024-01-12 17:30:47.618 PaymentWindow:1135 - Fast Cash Value is SAME with cash price - $ 95.82
[${ROUTINGKEY} INFO ] 2024-01-12 17:30:47.705 PaymentWindow:1143 - Cash value is SAME - $ 95.82
[${ROUTINGKEY} INFO ] 2024-01-12 17:30:49.922 PaymentWindow:1041 - 95.82
[${ROUTINGKEY} INFO ] 2024-01-12 17:30:49.923 PaymentWindow:1043 - Cash Price Value is Same with the Digital Receipt Screen - 95.82
[${ROUTINGKEY} INFO ] 2024-01-12 17:31:10.972 OrderManagementScreen:940 - Tax Value is - $ 12.61
[${ROUTINGKEY} INFO ] 2024-01-12 17:31:10.992 OrderManagementScreen:1014 - Cash Price Value is SAME - $ 1.04
[${ROUTINGKEY} INFO ] 2024-01-12 17:31:11.010 OrderManagementScreen:726 - Cash Price is SAME - $ 0.91
[${ROUTINGKEY} INFO ] 2024-01-12 17:31:11.192 OrderManagementScreen:940 - Tax Value is - $ 64.61
[${ROUTINGKEY} INFO ] 2024-01-12 17:31:11.214 OrderManagementScreen:1014 - Cash Price Value is SAME - $ 6.89
[${ROUTINGKEY} INFO ] 2024-01-12 17:31:11.232 OrderManagementScreen:726 - Cash Price is SAME - $ 6.05
[${ROUTINGKEY} INFO ] 2024-01-12 17:31:11.433 OrderManagementScreen:940 - Tax Value is - $ 103.61
[${ROUTINGKEY} INFO ] 2024-01-12 17:31:11.451 OrderManagementScreen:1014 - Cash Price Value is SAME - $ 15.99
[${ROUTINGKEY} INFO ] 2024-01-12 17:31:11.468 OrderManagementScreen:726 - Cash Price is SAME - $ 14.03
[${ROUTINGKEY} INFO ] 2024-01-12 17:31:11.552 PaymentWindow:1135 - Fast Cash Value is SAME with cash price - $ 14.03
[${ROUTINGKEY} INFO ] 2024-01-12 17:31:11.617 PaymentWindow:1143 - Cash value is SAME - $ 14.03
[${ROUTINGKEY} INFO ] 2024-01-12 17:31:13.819 PaymentWindow:1041 - 14.03
[${ROUTINGKEY} INFO ] 2024-01-12 17:31:13.820 PaymentWindow:1043 - Cash Price Value is Same with the Digital Receipt Screen - 14.03
[${ROUTINGKEY} INFO ] 2024-01-12 17:31:34.772 MenuOptionScreen:343 - Open Discount Screen Is Visible
[${ROUTINGKEY} INFO ] 2024-01-12 17:31:35.245 OrderManagementScreen:940 - Tax Value is - $ 23.21
[${ROUTINGKEY} INFO ] 2024-01-12 17:31:35.263 OrderManagementScreen:1014 - Cash Price Value is SAME - $ 96.39
[${ROUTINGKEY} INFO ] 2024-01-12 17:31:35.279 OrderManagementScreen:726 - Cash Price is SAME - $ 84.58
[${ROUTINGKEY} INFO ] 2024-01-12 17:31:35.361 PaymentWindow:1135 - Fast Cash Value is SAME with cash price - $ 84.58
[${ROUTINGKEY} INFO ] 2024-01-12 17:31:35.427 PaymentWindow:1143 - Cash value is SAME - $ 84.58
[${ROUTINGKEY} INFO ] 2024-01-12 17:31:37.624 PaymentWindow:1041 - 84.58
[${ROUTINGKEY} INFO ] 2024-01-12 17:31:37.625 PaymentWindow:1043 - Cash Price Value is Same with the Digital Receipt Screen - 84.58
[${ROUTINGKEY} INFO ] 2024-01-12 17:31:58.927 CheckOptionsScreen:354 - Percentage value - 
[${ROUTINGKEY} INFO ] 2024-01-12 17:31:59.204 OrderManagementScreen:940 - Tax Value is - $ 0.30
[${ROUTINGKEY} INFO ] 2024-01-12 17:31:59.225 OrderManagementScreen:1092 - Gratuity Value is - $ 0.21
[${ROUTINGKEY} INFO ] 2024-01-12 17:31:59.265 OrderManagementScreen:1057 - Cash Price Value is SAME - $ 3.39
[${ROUTINGKEY} INFO ] 2024-01-12 17:31:59.284 OrderManagementScreen:726 - Cash Price is SAME - $ 3.00
[${ROUTINGKEY} INFO ] 2024-01-12 17:31:59.390 PaymentWindow:1135 - Fast Cash Value is SAME with cash price - $ 3.00
[${ROUTINGKEY} INFO ] 2024-01-12 17:31:59.475 PaymentWindow:1143 - Cash value is SAME - $ 3.00
[${ROUTINGKEY} INFO ] 2024-01-12 17:32:01.731 PaymentWindow:1041 - 3.00
[${ROUTINGKEY} INFO ] 2024-01-12 17:32:01.731 PaymentWindow:1043 - Cash Price Value is Same with the Digital Receipt Screen - 3.00
[${ROUTINGKEY} INFO ] 2024-01-12 17:32:23.053 CheckOptionsScreen:354 - Percentage value - 
[${ROUTINGKEY} INFO ] 2024-01-12 17:32:23.307 OrderManagementScreen:940 - Tax Value is - $ 3.09
[${ROUTINGKEY} INFO ] 2024-01-12 17:32:23.323 OrderManagementScreen:1092 - Gratuity Value is - $ 0.01
[${ROUTINGKEY} INFO ] 2024-01-12 17:32:23.357 OrderManagementScreen:1057 - Cash Price Value is SAME - $ 0.43
[${ROUTINGKEY} INFO ] 2024-01-12 17:32:23.374 OrderManagementScreen:726 - Cash Price is SAME - $ 0.38
[${ROUTINGKEY} INFO ] 2024-01-12 17:32:23.456 PaymentWindow:1135 - Fast Cash Value is SAME with cash price - $ 0.38
[${ROUTINGKEY} INFO ] 2024-01-12 17:32:23.528 PaymentWindow:1143 - Cash value is SAME - $ 0.38
[${ROUTINGKEY} INFO ] 2024-01-12 17:32:25.751 PaymentWindow:1041 - 0.38
[${ROUTINGKEY} INFO ] 2024-01-12 17:32:25.751 PaymentWindow:1043 - Cash Price Value is Same with the Digital Receipt Screen - 0.38
[${ROUTINGKEY} INFO ] 2024-01-12 17:32:46.643 MenuOptionScreen:343 - Open Discount Screen Is Visible
[${ROUTINGKEY} INFO ] 2024-01-12 17:32:47.303 CheckOptionsScreen:354 - Percentage value - 
[${ROUTINGKEY} INFO ] 2024-01-12 17:32:47.538 OrderManagementScreen:940 - Tax Value is - $ 0.66
[${ROUTINGKEY} INFO ] 2024-01-12 17:32:47.556 OrderManagementScreen:1092 - Gratuity Value is - $ 0.18
[${ROUTINGKEY} INFO ] 2024-01-12 17:32:47.589 OrderManagementScreen:1057 - Cash Price Value is SAME - $ 2.98
[${ROUTINGKEY} INFO ] 2024-01-12 17:32:47.606 OrderManagementScreen:726 - Cash Price is SAME - $ 2.64
[${ROUTINGKEY} INFO ] 2024-01-12 17:32:47.688 PaymentWindow:1135 - Fast Cash Value is SAME with cash price - $ 2.64
[${ROUTINGKEY} INFO ] 2024-01-12 17:32:47.797 PaymentWindow:1143 - Cash value is SAME - $ 2.64
[${ROUTINGKEY} INFO ] 2024-01-12 17:32:50.001 PaymentWindow:1041 - 2.64
[${ROUTINGKEY} INFO ] 2024-01-12 17:32:50.001 PaymentWindow:1043 - Cash Price Value is Same with the Digital Receipt Screen - 2.64
[${ROUTINGKEY} INFO ] 2024-01-12 17:33:33.282 Hooks:50 - Failed Scenario Name : LIN-22521 - In reopen check, dual price displaying wrongly in the following scenario
[${ROUTINGKEY} INFO ] 2024-01-12 17:35:16.081 Hooks:50 - Failed Scenario Name : LIN-22442- Dual pricing issue in amount differs in before and after the payments
[${ROUTINGKEY} INFO ] 2024-01-12 17:37:15.942 Hooks:50 - Failed Scenario Name : LIN-22532 - For delivery sale, it is displaying Change due when Dual Price is present.
[${ROUTINGKEY} INFO ] 2024-01-12 17:39:15.325 Hooks:50 - Failed Scenario Name : LIN-22518 - In phone order out tab fast cash screen amount displaying wrongly
[${ROUTINGKEY} INFO ] 2024-01-12 17:40:59.151 Hooks:50 - Failed Scenario Name : LIN-22513 - In POS , change due is displaying if apply gratuity
[${ROUTINGKEY} INFO ] 2024-01-12 17:42:41.585 Hooks:50 - Failed Scenario Name : LIN-22822 - While adding the void item Balance due displaying with below scenario
[${ROUTINGKEY} INFO ] 2024-01-12 17:44:25.305 Hooks:50 - Failed Scenario Name : LIN-22517-If delete the payment then change due is not displaying
[${ROUTINGKEY} INFO ] 2024-01-12 18:08:12.177 OrderManagementScreen:1303 -  Tax is - $ 0.65
[${ROUTINGKEY} INFO ] 2024-01-12 18:08:12.275 Discount:141 - Total Value is - $ 13.65
[${ROUTINGKEY} INFO ] 2024-01-12 18:08:12.336 PaymentWindow:1251 - 1.67
[${ROUTINGKEY} INFO ] 2024-01-12 18:08:12.339 PaymentWindow:1255 - Expected Cash Price is SAME with Actual Cash Price - 11.977875000000001
[${ROUTINGKEY} INFO ] 2024-01-12 18:08:12.640 OrderManagementScreen:1303 -  Tax is - $ 6.50
[${ROUTINGKEY} INFO ] 2024-01-12 18:08:12.678 Discount:141 - Total Value is - $ 71.50
[${ROUTINGKEY} INFO ] 2024-01-12 18:08:12.721 PaymentWindow:1251 - 8.76
[${ROUTINGKEY} INFO ] 2024-01-12 18:08:12.722 PaymentWindow:1255 - Expected Cash Price is SAME with Actual Cash Price - 62.74125
[${ROUTINGKEY} INFO ] 2024-01-12 18:08:12.968 OrderManagementScreen:1303 -  Tax is - $ 15.60
[${ROUTINGKEY} INFO ] 2024-01-12 18:08:12.997 Discount:141 - Total Value is - $ 119.60
[${ROUTINGKEY} INFO ] 2024-01-12 18:08:13.032 PaymentWindow:1251 - 14.65
[${ROUTINGKEY} INFO ] 2024-01-12 18:08:13.032 PaymentWindow:1255 - Expected Cash Price is SAME with Actual Cash Price - 104.949
[${ROUTINGKEY} INFO ] 2024-01-12 18:08:13.159 PaymentWindow:1503 - Total is SAME with Balance Due Payment screen - $ 119.60
[${ROUTINGKEY} INFO ] 2024-01-12 18:08:13.347 PaymentWindow:1510 - Cash Price is Same with Paid Amount - 104.95
[${ROUTINGKEY} INFO ] 2024-01-12 18:08:13.502 PaymentWindow:1029 - 104.95
[${ROUTINGKEY} INFO ] 2024-01-12 18:08:13.503 PaymentWindow:1031 - Cash Price Value is Same with the Digital Receipt Screen - 104.95
[${ROUTINGKEY} INFO ] 2024-01-12 18:08:34.774 OrderManagementScreen:1066 - Cash Price Value is SAME - $ 9.00
[${ROUTINGKEY} INFO ] 2024-01-12 18:08:34.789 PaymentWindow:1471 - 110.25
[${ROUTINGKEY} INFO ] 2024-01-12 18:08:34.837 Hooks:50 - Failed Scenario Name : verify cash reward with Tax exempt
[${ROUTINGKEY} INFO ] 2024-01-12 18:10:12.487 PaymentWindow:1272 - 1.84
[${ROUTINGKEY} INFO ] 2024-01-12 18:10:12.489 PaymentWindow:1276 - Expected Cash Price is SAME with Actual Cash Price - 13.1625
[${ROUTINGKEY} INFO ] 2024-01-12 18:10:12.968 OrderManagementScreen:1014 - Cash Price Value is SAME - $ 16.36
[${ROUTINGKEY} INFO ] 2024-01-12 18:10:12.976 PaymentWindow:1383 - 1.36
[${ROUTINGKEY} INFO ] 2024-01-12 18:10:12.977 PaymentWindow:1386 - Total Prize - 15.0
[${ROUTINGKEY} INFO ] 2024-01-12 18:10:12.977 PaymentWindow:1393 - 1.8375
[${ROUTINGKEY} INFO ] 2024-01-12 18:10:12.977 PaymentWindow:1395 - 14.522499999999999
[${ROUTINGKEY} INFO ] 2024-01-12 18:10:13.002 PaymentWindow:1402 - Expected Cash Price is SAME with Actual Cash Price - 14.52
[${ROUTINGKEY} INFO ] 2024-01-12 18:10:13.119 PaymentWindow:1503 - Total is SAME with Balance Due Payment screen - $ 16.36
[${ROUTINGKEY} INFO ] 2024-01-12 18:10:13.248 PaymentWindow:1510 - Cash Price is Same with Paid Amount - 14.52
[${ROUTINGKEY} INFO ] 2024-01-12 18:10:13.376 PaymentWindow:1029 - 14.52
[${ROUTINGKEY} INFO ] 2024-01-12 18:10:13.377 PaymentWindow:1031 - Cash Price Value is Same with the Digital Receipt Screen - 14.52
[${ROUTINGKEY} INFO ] 2024-01-12 18:11:23.059 OrderManagementScreen:1023 - Paid Amount Value is SAME - $ 0.00
[${ROUTINGKEY} INFO ] 2024-01-12 18:11:23.103 OrderManagementScreen:726 - Cash Price is SAME - $ 8.69
[${ROUTINGKEY} INFO ] 2024-01-12 18:11:23.298 PaymentWindow:1503 - Total is SAME with Balance Due Payment screen - $ 9.90
[${ROUTINGKEY} INFO ] 2024-01-12 18:11:25.348 PaymentWindow:257 - 9.90
[${ROUTINGKEY} INFO ] 2024-01-12 18:11:25.348 PaymentWindow:260 - Cash Price Value is Same with the Payment screen balance due amount  - 9.90
[${ROUTINGKEY} INFO ] 2024-01-12 18:11:25.448 cashOption:192 - Balance Amount - 9.90
[${ROUTINGKEY} INFO ] 2024-01-12 18:11:25.481 cashOption:195 - 9.90
[${ROUTINGKEY} INFO ] 2024-01-12 18:11:25.481 cashOption:197 - Balance Due Amount Same With Tip Screen Amount - 9.90
[${ROUTINGKEY} INFO ] 2024-01-12 18:11:25.797 Hooks:50 - Failed Scenario Name : LIN-22442- Dual pricing issue in amount differs in before and after the payments
[${ROUTINGKEY} INFO ] 2024-01-12 18:13:40.739 Hooks:50 - Failed Scenario Name : LIN-22532 - For delivery sale, it is displaying Change due when Dual Price is present.
[${ROUTINGKEY} INFO ] 2024-01-12 18:15:06.481 Hooks:50 - Failed Scenario Name : LIN-22518 - In phone order out tab fast cash screen amount displaying wrongly
[${ROUTINGKEY} INFO ] 2024-01-12 18:16:45.380 OrderManagementScreen:1023 - Paid Amount Value is SAME - $ 0.00
[${ROUTINGKEY} INFO ] 2024-01-12 18:16:45.417 OrderManagementScreen:726 - Cash Price is SAME - $ 8.69
[${ROUTINGKEY} INFO ] 2024-01-12 18:16:52.841 PaymentWindow:1041 - 8.69
[${ROUTINGKEY} INFO ] 2024-01-12 18:16:52.842 PaymentWindow:1043 - Cash Price Value is Same with the Digital Receipt Screen - 8.69
[${ROUTINGKEY} INFO ] 2024-01-12 18:17:13.962 OrderManagementScreen:1023 - Paid Amount Value is SAME - $ 0.00
[${ROUTINGKEY} INFO ] 2024-01-12 18:17:14.005 OrderManagementScreen:726 - Cash Price is SAME - $ 10.53
[${ROUTINGKEY} INFO ] 2024-01-12 18:17:16.563 OrderManagementScreen:1023 - Paid Amount Value is SAME - $ 0.00
[${ROUTINGKEY} INFO ] 2024-01-12 18:17:16.594 OrderManagementScreen:726 - Cash Price is SAME - $ 10.53
[${ROUTINGKEY} INFO ] 2024-01-12 18:17:16.716 PaymentWindow:1503 - Total is SAME with Balance Due Payment screen - $ 12.00
[${ROUTINGKEY} INFO ] 2024-01-12 18:17:18.968 PaymentWindow:1041 - 10.53
[${ROUTINGKEY} INFO ] 2024-01-12 18:17:18.969 PaymentWindow:1043 - Cash Price Value is Same with the Digital Receipt Screen - 10.53
[${ROUTINGKEY} INFO ] 2024-01-12 18:17:31.720 OrderManagementScreen:1023 - Paid Amount Value is SAME - $ 10.53
[${ROUTINGKEY} INFO ] 2024-01-12 18:17:31.751 OrderManagementScreen:726 - Cash Price is SAME - $ 10.53
[${ROUTINGKEY} INFO ] 2024-01-12 18:17:38.784 Hooks:50 - Failed Scenario Name : LIN-22822 - While adding the void item Balance due displaying with below scenario
[${ROUTINGKEY} INFO ] 2024-01-12 18:19:19.152 OrderManagementScreen:1023 - Paid Amount Value is SAME - $ 0.00
[${ROUTINGKEY} INFO ] 2024-01-12 18:19:19.179 OrderManagementScreen:726 - Cash Price is SAME - $ 10.53
[${ROUTINGKEY} INFO ] 2024-01-12 18:19:20.521 Hooks:50 - Failed Scenario Name : LIN-22517-If delete the payment then change due is not displaying
[${ROUTINGKEY} INFO ] 2024-01-12 18:26:18.972 Hooks:50 - Failed Scenario Name : verify cash reward with Tax exempt
[${ROUTINGKEY} INFO ] 2024-01-12 18:26:21.235 Hooks:50 - Failed Scenario Name : LIN-22442- Dual pricing issue in amount differs in before and after the payments
[${ROUTINGKEY} INFO ] 2024-01-12 18:26:23.393 Hooks:50 - Failed Scenario Name : LIN-22532 - For delivery sale, it is displaying Change due when Dual Price is present.
[${ROUTINGKEY} INFO ] 2024-01-12 18:28:23.246 OrderManagementScreen:1066 - Cash Price Value is SAME - $ 9.00
[${ROUTINGKEY} INFO ] 2024-01-12 18:28:23.327 PaymentWindow:1471 - 110.25
[${ROUTINGKEY} INFO ] 2024-01-12 18:28:23.368 PaymentWindow:1479 - Expected Cash Price is SAME with Actual Cash Price - 7.90
[${ROUTINGKEY} INFO ] 2024-01-12 18:28:23.508 PaymentWindow:1503 - Total is SAME with Balance Due Payment screen - $ 9.00
[${ROUTINGKEY} INFO ] 2024-01-12 18:28:23.654 PaymentWindow:1510 - Cash Price is Same with Paid Amount - 7.90
[${ROUTINGKEY} INFO ] 2024-01-12 18:28:23.816 PaymentWindow:1029 - 7.90
[${ROUTINGKEY} INFO ] 2024-01-12 18:28:23.816 PaymentWindow:1031 - Cash Price Value is Same with the Digital Receipt Screen - 7.90
[${ROUTINGKEY} INFO ] 2024-01-12 18:28:44.915 OrderManagementScreen:1023 - Paid Amount Value is SAME - $ 0.00
[${ROUTINGKEY} INFO ] 2024-01-12 18:28:44.946 OrderManagementScreen:726 - Cash Price is SAME - $ 8.69
[${ROUTINGKEY} INFO ] 2024-01-12 18:28:45.139 PaymentWindow:1503 - Total is SAME with Balance Due Payment screen - $ 9.90
[${ROUTINGKEY} INFO ] 2024-01-12 18:28:47.182 PaymentWindow:257 - 9.90
[${ROUTINGKEY} INFO ] 2024-01-12 18:28:47.183 PaymentWindow:260 - Cash Price Value is Same with the Payment screen balance due amount  - 9.90
[${ROUTINGKEY} INFO ] 2024-01-12 18:28:47.277 cashOption:192 - Balance Amount - 9.90
[${ROUTINGKEY} INFO ] 2024-01-12 18:28:47.295 cashOption:195 - 9.90
[${ROUTINGKEY} INFO ] 2024-01-12 18:28:47.296 cashOption:197 - Balance Due Amount Same With Tip Screen Amount - 9.90
[${ROUTINGKEY} INFO ] 2024-01-12 18:28:47.605 OrderManagementScreen:1023 - Paid Amount Value is SAME - $ 9.90
[${ROUTINGKEY} INFO ] 2024-01-12 18:28:47.628 OrderManagementScreen:726 - Cash Price is SAME - $ 8.69
[${ROUTINGKEY} INFO ] 2024-01-12 18:28:49.861 PaymentWindow:1041 - 9.90
[${ROUTINGKEY} INFO ] 2024-01-12 18:28:49.878 Hooks:50 - Failed Scenario Name : LIN-22442- Dual pricing issue in amount differs in before and after the payments
[${ROUTINGKEY} INFO ] 2024-01-12 18:31:37.905 Hooks:50 - Failed Scenario Name : LIN-22518 - In phone order out tab fast cash screen amount displaying wrongly
[${ROUTINGKEY} INFO ] 2024-01-12 18:33:17.273 OrderManagementScreen:1023 - Paid Amount Value is SAME - $ 0.00
[${ROUTINGKEY} INFO ] 2024-01-12 18:33:17.299 OrderManagementScreen:726 - Cash Price is SAME - $ 10.53
[${ROUTINGKEY} INFO ] 2024-01-12 18:33:19.933 OrderManagementScreen:1023 - Paid Amount Value is SAME - $ 0.00
[${ROUTINGKEY} INFO ] 2024-01-12 18:33:19.953 OrderManagementScreen:726 - Cash Price is SAME - $ 10.53
[${ROUTINGKEY} INFO ] 2024-01-12 18:33:20.136 PaymentWindow:1503 - Total is SAME with Balance Due Payment screen - $ 12.00
[${ROUTINGKEY} INFO ] 2024-01-12 18:33:22.485 PaymentWindow:1041 - 10.53
[${ROUTINGKEY} INFO ] 2024-01-12 18:33:22.485 PaymentWindow:1043 - Cash Price Value is Same with the Digital Receipt Screen - 10.53
[${ROUTINGKEY} INFO ] 2024-01-12 18:33:35.367 OrderManagementScreen:1023 - Paid Amount Value is SAME - $ 10.53
[${ROUTINGKEY} INFO ] 2024-01-12 18:33:35.387 OrderManagementScreen:726 - Cash Price is SAME - $ 10.53
[${ROUTINGKEY} INFO ] 2024-01-12 18:33:44.740 OrderManagementScreen:1023 - Paid Amount Value is SAME - $ 10.53
[${ROUTINGKEY} INFO ] 2024-01-12 18:33:49.800 Hooks:50 - Failed Scenario Name : LIN-22822 - While adding the void item Balance due displaying with below scenario
[${ROUTINGKEY} INFO ] 2024-01-12 18:38:35.748 PaymentWindow:1251 - 0.12
[${ROUTINGKEY} INFO ] 2024-01-12 18:38:35.786 PaymentWindow:1255 - Expected Cash Price is SAME with Actual Cash Price - 0.8775
[${ROUTINGKEY} INFO ] 2024-01-12 18:38:35.964 PaymentWindow:1135 - Fast Cash Value is SAME with cash price - $ 0.88
[${ROUTINGKEY} INFO ] 2024-01-12 18:38:36.090 PaymentWindow:1143 - Cash value is SAME - $ 0.88
[${ROUTINGKEY} INFO ] 2024-01-12 18:38:38.383 PaymentWindow:1041 - 0.88
[${ROUTINGKEY} INFO ] 2024-01-12 18:38:38.384 PaymentWindow:1043 - Cash Price Value is Same with the Digital Receipt Screen - 0.88
[${ROUTINGKEY} INFO ] 2024-01-12 18:38:59.445 PaymentWindow:1251 - 0.12
[${ROUTINGKEY} INFO ] 2024-01-12 18:38:59.446 PaymentWindow:1255 - Expected Cash Price is SAME with Actual Cash Price - 0.8775
[${ROUTINGKEY} INFO ] 2024-01-12 18:38:59.595 PaymentWindow:1503 - Total is SAME with Balance Due Payment screen - $ 1.00
[${ROUTINGKEY} INFO ] 2024-01-12 18:38:59.739 PaymentWindow:1510 - Cash Price is Same with Paid Amount - 0.88
[${ROUTINGKEY} INFO ] 2024-01-12 18:38:59.876 PaymentWindow:1029 - 0.88
[${ROUTINGKEY} INFO ] 2024-01-12 18:38:59.877 PaymentWindow:1031 - Cash Price Value is Same with the Digital Receipt Screen - 0.88
[${ROUTINGKEY} INFO ] 2024-01-12 18:39:20.932 PaymentWindow:1251 - 1.21
[${ROUTINGKEY} INFO ] 2024-01-12 18:39:20.933 PaymentWindow:1255 - Expected Cash Price is SAME with Actual Cash Price - 8.68725
[${ROUTINGKEY} INFO ] 2024-01-12 18:39:21.039 PaymentWindow:1503 - Total is SAME with Balance Due Payment screen - $ 9.90
[${ROUTINGKEY} INFO ] 2024-01-12 18:39:21.138 PaymentWindow:1510 - Cash Price is Same with Paid Amount - 8.69
[${ROUTINGKEY} INFO ] 2024-01-12 18:39:21.280 PaymentWindow:1029 - 8.69
[${ROUTINGKEY} INFO ] 2024-01-12 18:39:21.280 PaymentWindow:1031 - Cash Price Value is Same with the Digital Receipt Screen - 8.69
[${ROUTINGKEY} INFO ] 2024-01-12 18:39:40.529 PaymentWindow:1272 - 1.84
[${ROUTINGKEY} INFO ] 2024-01-12 18:39:40.530 PaymentWindow:1276 - Expected Cash Price is SAME with Actual Cash Price - 13.1625
[${ROUTINGKEY} INFO ] 2024-01-12 18:39:40.640 PaymentWindow:1503 - Total is SAME with Balance Due Payment screen - $ 15.00
[${ROUTINGKEY} INFO ] 2024-01-12 18:39:40.734 PaymentWindow:1510 - Cash Price is Same with Paid Amount - 13.16
[${ROUTINGKEY} INFO ] 2024-01-12 18:39:40.860 PaymentWindow:1029 - 13.16
[${ROUTINGKEY} INFO ] 2024-01-12 18:39:40.860 PaymentWindow:1031 - Cash Price Value is Same with the Digital Receipt Screen - 13.16
[${ROUTINGKEY} INFO ] 2024-01-12 18:40:01.763 OrderManagementScreen:1303 -  Tax is - $ 0.65
[${ROUTINGKEY} INFO ] 2024-01-12 18:40:01.797 Discount:141 - Total Value is - $ 13.65
[${ROUTINGKEY} INFO ] 2024-01-12 18:40:01.834 PaymentWindow:1251 - 1.67
[${ROUTINGKEY} INFO ] 2024-01-12 18:40:01.834 PaymentWindow:1255 - Expected Cash Price is SAME with Actual Cash Price - 11.977875000000001
[${ROUTINGKEY} INFO ] 2024-01-12 18:40:02.039 OrderManagementScreen:1303 -  Tax is - $ 6.50
[${ROUTINGKEY} INFO ] 2024-01-12 18:40:02.058 Discount:141 - Total Value is - $ 71.50
[${ROUTINGKEY} INFO ] 2024-01-12 18:40:02.081 PaymentWindow:1251 - 8.76
[${ROUTINGKEY} INFO ] 2024-01-12 18:40:02.082 PaymentWindow:1255 - Expected Cash Price is SAME with Actual Cash Price - 62.74125
[${ROUTINGKEY} INFO ] 2024-01-12 18:40:02.293 OrderManagementScreen:1303 -  Tax is - $ 15.60
[${ROUTINGKEY} INFO ] 2024-01-12 18:40:02.403 Discount:141 - Total Value is - $ 119.60
[${ROUTINGKEY} INFO ] 2024-01-12 18:40:02.443 PaymentWindow:1251 - 14.65
[${ROUTINGKEY} INFO ] 2024-01-12 18:40:02.444 PaymentWindow:1255 - Expected Cash Price is SAME with Actual Cash Price - 104.949
[${ROUTINGKEY} INFO ] 2024-01-12 18:40:02.532 PaymentWindow:1503 - Total is SAME with Balance Due Payment screen - $ 119.60
[${ROUTINGKEY} INFO ] 2024-01-12 18:40:02.628 PaymentWindow:1510 - Cash Price is Same with Paid Amount - 104.95
[${ROUTINGKEY} INFO ] 2024-01-12 18:40:02.750 PaymentWindow:1029 - 104.95
[${ROUTINGKEY} INFO ] 2024-01-12 18:40:02.751 PaymentWindow:1031 - Cash Price Value is Same with the Digital Receipt Screen - 104.95
[${ROUTINGKEY} INFO ] 2024-01-12 18:40:23.863 OrderManagementScreen:1066 - Cash Price Value is SAME - $ 9.00
[${ROUTINGKEY} INFO ] 2024-01-12 18:40:23.869 PaymentWindow:1471 - 110.25
[${ROUTINGKEY} INFO ] 2024-01-12 18:40:23.889 PaymentWindow:1479 - Expected Cash Price is SAME with Actual Cash Price - 7.90
[${ROUTINGKEY} INFO ] 2024-01-12 18:40:23.989 PaymentWindow:1503 - Total is SAME with Balance Due Payment screen - $ 9.00
[${ROUTINGKEY} INFO ] 2024-01-12 18:40:24.099 PaymentWindow:1510 - Cash Price is Same with Paid Amount - 7.90
[${ROUTINGKEY} INFO ] 2024-01-12 18:40:24.214 PaymentWindow:1029 - 7.90
[${ROUTINGKEY} INFO ] 2024-01-12 18:40:24.214 PaymentWindow:1031 - Cash Price Value is Same with the Digital Receipt Screen - 7.90
[${ROUTINGKEY} INFO ] 2024-01-12 18:40:45.233 PaymentWindow:1251 - 1.21
[${ROUTINGKEY} INFO ] 2024-01-12 18:40:45.234 PaymentWindow:1255 - Expected Cash Price is SAME with Actual Cash Price - 8.68725
[${ROUTINGKEY} INFO ] 2024-01-12 18:40:45.589 OrderManagementScreen:1014 - Cash Price Value is SAME - $ 10.80
[${ROUTINGKEY} INFO ] 2024-01-12 18:40:45.604 PaymentWindow:1353 - 0.9
[${ROUTINGKEY} INFO ] 2024-01-12 18:40:45.605 PaymentWindow:1357 - Total Prize - 9.9
[${ROUTINGKEY} INFO ] 2024-01-12 18:40:45.606 PaymentWindow:1364 - 1.21275
[${ROUTINGKEY} INFO ] 2024-01-12 18:40:45.606 PaymentWindow:1366 - 9.587250000000001
[${ROUTINGKEY} INFO ] 2024-01-12 18:40:45.629 PaymentWindow:1373 - Expected Cash Price is SAME with Actual Cash Price - 9.59
[${ROUTINGKEY} INFO ] 2024-01-12 18:40:45.752 PaymentWindow:1503 - Total is SAME with Balance Due Payment screen - $ 10.80
[${ROUTINGKEY} INFO ] 2024-01-12 18:40:45.897 PaymentWindow:1510 - Cash Price is Same with Paid Amount - 9.59
[${ROUTINGKEY} INFO ] 2024-01-12 18:40:46.060 PaymentWindow:1029 - 9.59
[${ROUTINGKEY} INFO ] 2024-01-12 18:40:46.061 PaymentWindow:1031 - Cash Price Value is Same with the Digital Receipt Screen - 9.59
[${ROUTINGKEY} INFO ] 2024-01-12 18:41:05.160 PaymentWindow:1272 - 1.84
[${ROUTINGKEY} INFO ] 2024-01-12 18:41:05.160 PaymentWindow:1276 - Expected Cash Price is SAME with Actual Cash Price - 13.1625
[${ROUTINGKEY} INFO ] 2024-01-12 18:41:05.523 OrderManagementScreen:1014 - Cash Price Value is SAME - $ 16.36
[${ROUTINGKEY} INFO ] 2024-01-12 18:41:05.537 PaymentWindow:1383 - 1.36
[${ROUTINGKEY} INFO ] 2024-01-12 18:41:05.539 PaymentWindow:1386 - Total Prize - 15.0
[${ROUTINGKEY} INFO ] 2024-01-12 18:41:05.539 PaymentWindow:1393 - 1.8375
[${ROUTINGKEY} INFO ] 2024-01-12 18:41:05.540 PaymentWindow:1395 - 14.522499999999999
[${ROUTINGKEY} INFO ] 2024-01-12 18:41:05.563 PaymentWindow:1402 - Expected Cash Price is SAME with Actual Cash Price - 14.52
[${ROUTINGKEY} INFO ] 2024-01-12 18:41:05.668 PaymentWindow:1503 - Total is SAME with Balance Due Payment screen - $ 16.36
[${ROUTINGKEY} INFO ] 2024-01-12 18:41:05.777 PaymentWindow:1510 - Cash Price is Same with Paid Amount - 14.52
[${ROUTINGKEY} INFO ] 2024-01-12 18:41:05.927 PaymentWindow:1029 - 14.52
[${ROUTINGKEY} INFO ] 2024-01-12 18:41:05.927 PaymentWindow:1031 - Cash Price Value is Same with the Digital Receipt Screen - 14.52
[${ROUTINGKEY} INFO ] 2024-01-12 18:41:27.053 OrderManagementScreen:1303 -  Tax is - $ 0.65
[${ROUTINGKEY} INFO ] 2024-01-12 18:41:27.094 Discount:150 - Total Value is - $ 14.95
[${ROUTINGKEY} INFO ] 2024-01-12 18:41:27.099 PaymentWindow:1353 - 1.3
[${ROUTINGKEY} INFO ] 2024-01-12 18:41:27.099 PaymentWindow:1357 - Total Prize - 13.65
[${ROUTINGKEY} INFO ] 2024-01-12 18:41:27.100 PaymentWindow:1364 - 1.672125
[${ROUTINGKEY} INFO ] 2024-01-12 18:41:27.100 PaymentWindow:1366 - 13.277875000000002
[${ROUTINGKEY} INFO ] 2024-01-12 18:41:27.121 PaymentWindow:1373 - Expected Cash Price is SAME with Actual Cash Price - 13.28
[${ROUTINGKEY} INFO ] 2024-01-12 18:41:27.318 OrderManagementScreen:1303 -  Tax is - $ 6.50
[${ROUTINGKEY} INFO ] 2024-01-12 18:41:27.389 Discount:150 - Total Value is - $ 78.00
[${ROUTINGKEY} INFO ] 2024-01-12 18:41:27.399 PaymentWindow:1353 - 6.5
[${ROUTINGKEY} INFO ] 2024-01-12 18:41:27.400 PaymentWindow:1357 - Total Prize - 71.5
[${ROUTINGKEY} INFO ] 2024-01-12 18:41:27.400 PaymentWindow:1364 - 8.75875
[${ROUTINGKEY} INFO ] 2024-01-12 18:41:27.400 PaymentWindow:1366 - 69.24125000000001
[${ROUTINGKEY} INFO ] 2024-01-12 18:41:27.428 PaymentWindow:1373 - Expected Cash Price is SAME with Actual Cash Price - 69.24
[${ROUTINGKEY} INFO ] 2024-01-12 18:41:27.601 OrderManagementScreen:1303 -  Tax is - $ 15.60
[${ROUTINGKEY} INFO ] 2024-01-12 18:41:27.650 Discount:150 - Total Value is - $ 130.00
[${ROUTINGKEY} INFO ] 2024-01-12 18:41:27.659 PaymentWindow:1353 - 10.4
[${ROUTINGKEY} INFO ] 2024-01-12 18:41:27.660 PaymentWindow:1357 - Total Prize - 119.6
[${ROUTINGKEY} INFO ] 2024-01-12 18:41:27.661 PaymentWindow:1364 - 14.651
[${ROUTINGKEY} INFO ] 2024-01-12 18:41:27.661 PaymentWindow:1366 - 115.349
[${ROUTINGKEY} INFO ] 2024-01-12 18:41:27.689 PaymentWindow:1373 - Expected Cash Price is SAME with Actual Cash Price - 115.35
[${ROUTINGKEY} INFO ] 2024-01-12 18:41:27.814 PaymentWindow:1503 - Total is SAME with Balance Due Payment screen - $ 130.00
[${ROUTINGKEY} INFO ] 2024-01-12 18:41:27.937 PaymentWindow:1510 - Cash Price is Same with Paid Amount - 115.35
[${ROUTINGKEY} INFO ] 2024-01-12 18:41:28.072 PaymentWindow:1029 - 115.35
[${ROUTINGKEY} INFO ] 2024-01-12 18:41:28.074 PaymentWindow:1031 - Cash Price Value is Same with the Digital Receipt Screen - 115.35
[${ROUTINGKEY} INFO ] 2024-01-12 18:41:48.980 OrderManagementScreen:960 - Service Charge Value is - $ 0.23
[${ROUTINGKEY} INFO ] 2024-01-12 18:41:49.016 OrderManagementScreen:1014 - Cash Price Value is SAME - $ 3.52
[${ROUTINGKEY} INFO ] 2024-01-12 18:41:49.024 PaymentWindow:1442 - 0.23
[${ROUTINGKEY} INFO ] 2024-01-12 18:41:49.025 PaymentWindow:1446 - Total Prize - 3.52
[${ROUTINGKEY} INFO ] 2024-01-12 18:41:49.026 PaymentWindow:1453 - 0.43119999999999997
[${ROUTINGKEY} INFO ] 2024-01-12 18:41:49.046 PaymentWindow:1463 - Expected Cash Price is SAME with Actual Cash Price - 3.09
[${ROUTINGKEY} INFO ] 2024-01-12 18:41:49.181 PaymentWindow:1135 - Fast Cash Value is SAME with cash price - $ 3.09
[${ROUTINGKEY} INFO ] 2024-01-12 18:41:49.260 PaymentWindow:1143 - Cash value is SAME - $ 3.09
[${ROUTINGKEY} INFO ] 2024-01-12 18:41:49.456 PaymentWindow:1029 - 3.09
[${ROUTINGKEY} INFO ] 2024-01-12 18:41:49.456 PaymentWindow:1031 - Cash Price Value is Same with the Digital Receipt Screen - 3.09
[${ROUTINGKEY} INFO ] 2024-01-12 18:42:10.367 OrderManagementScreen:960 - Service Charge Value is - $ 0.27
[${ROUTINGKEY} INFO ] 2024-01-12 18:42:10.399 OrderManagementScreen:1014 - Cash Price Value is SAME - $ 3.79
[${ROUTINGKEY} INFO ] 2024-01-12 18:42:10.422 OrderManagementScreen:726 - Cash Price is SAME - $ 3.33
[${ROUTINGKEY} INFO ] 2024-01-12 18:42:10.536 PaymentWindow:1135 - Fast Cash Value is SAME with cash price - $ 3.33
[${ROUTINGKEY} INFO ] 2024-01-12 18:42:10.594 PaymentWindow:1143 - Cash value is SAME - $ 3.33
[${ROUTINGKEY} INFO ] 2024-01-12 18:42:10.770 PaymentWindow:1029 - 3.33
[${ROUTINGKEY} INFO ] 2024-01-12 18:42:10.771 PaymentWindow:1031 - Cash Price Value is Same with the Digital Receipt Screen - 3.33
[${ROUTINGKEY} INFO ] 2024-01-12 18:42:31.644 OrderManagementScreen:960 - Service Charge Value is - $ 1.00
[${ROUTINGKEY} INFO ] 2024-01-12 18:42:31.667 OrderManagementScreen:1014 - Cash Price Value is SAME - $ 14.81
[${ROUTINGKEY} INFO ] 2024-01-12 18:42:31.707 OrderManagementScreen:726 - Cash Price is SAME - $ 13.00
[${ROUTINGKEY} INFO ] 2024-01-12 18:42:31.992 OrderManagementScreen:960 - Service Charge Value is - $ 4.98
[${ROUTINGKEY} INFO ] 2024-01-12 18:42:32.031 OrderManagementScreen:1014 - Cash Price Value is SAME - $ 77.28
[${ROUTINGKEY} INFO ] 2024-01-12 18:42:32.070 OrderManagementScreen:726 - Cash Price is SAME - $ 67.81
[${ROUTINGKEY} INFO ] 2024-01-12 18:42:32.309 OrderManagementScreen:960 - Service Charge Value is - $ 7.96
[${ROUTINGKEY} INFO ] 2024-01-12 18:42:32.335 OrderManagementScreen:1014 - Cash Price Value is SAME - $ 128.83
[${ROUTINGKEY} INFO ] 2024-01-12 18:42:32.372 OrderManagementScreen:726 - Cash Price is SAME - $ 113.05
[${ROUTINGKEY} INFO ] 2024-01-12 18:42:32.501 PaymentWindow:1135 - Fast Cash Value is SAME with cash price - $ 113.05
[${ROUTINGKEY} INFO ] 2024-01-12 18:42:32.575 PaymentWindow:1143 - Cash value is SAME - $ 113.05
[${ROUTINGKEY} INFO ] 2024-01-12 18:42:32.751 PaymentWindow:1029 - 113.05
[${ROUTINGKEY} INFO ] 2024-01-12 18:42:32.751 PaymentWindow:1031 - Cash Price Value is Same with the Digital Receipt Screen - 113.05
[${ROUTINGKEY} INFO ] 2024-01-12 18:42:53.909 CheckOptionsScreen:354 - Percentage value - 
[${ROUTINGKEY} INFO ] 2024-01-12 18:42:54.290 OrderManagementScreen:726 - Cash Price is SAME - $ 3.33
[${ROUTINGKEY} INFO ] 2024-01-12 18:42:54.384 PaymentWindow:1135 - Fast Cash Value is SAME with cash price - $ 3.33
[${ROUTINGKEY} INFO ] 2024-01-12 18:42:54.439 PaymentWindow:1143 - Cash value is SAME - $ 3.33
[${ROUTINGKEY} INFO ] 2024-01-12 18:42:54.624 PaymentWindow:1029 - 3.33
[${ROUTINGKEY} INFO ] 2024-01-12 18:42:54.624 PaymentWindow:1031 - Cash Price Value is Same with the Digital Receipt Screen - 3.33
[${ROUTINGKEY} INFO ] 2024-01-12 18:43:15.771 CheckOptionsScreen:354 - Percentage value - 
[${ROUTINGKEY} INFO ] 2024-01-12 18:43:16.143 OrderManagementScreen:726 - Cash Price is SAME - $ 3.58
[${ROUTINGKEY} INFO ] 2024-01-12 18:43:16.269 PaymentWindow:1135 - Fast Cash Value is SAME with cash price - $ 3.58
[${ROUTINGKEY} INFO ] 2024-01-12 18:43:16.321 PaymentWindow:1143 - Cash value is SAME - $ 3.58
[${ROUTINGKEY} INFO ] 2024-01-12 18:43:18.519 PaymentWindow:1041 - 3.58
[${ROUTINGKEY} INFO ] 2024-01-12 18:43:18.519 PaymentWindow:1043 - Cash Price Value is Same with the Digital Receipt Screen - 3.58
[${ROUTINGKEY} INFO ] 2024-01-12 18:43:39.643 CheckOptionsScreen:354 - Percentage value - 
[${ROUTINGKEY} INFO ] 2024-01-12 18:43:39.996 OrderManagementScreen:726 - Cash Price is SAME - $ 14.04
[${ROUTINGKEY} INFO ] 2024-01-12 18:43:40.307 OrderManagementScreen:726 - Cash Price is SAME - $ 73.01
[${ROUTINGKEY} INFO ] 2024-01-12 18:43:40.559 OrderManagementScreen:726 - Cash Price is SAME - $ 121.37
[${ROUTINGKEY} INFO ] 2024-01-12 18:43:40.673 PaymentWindow:1135 - Fast Cash Value is SAME with cash price - $ 121.37
[${ROUTINGKEY} INFO ] 2024-01-12 18:43:40.726 PaymentWindow:1143 - Cash value is SAME - $ 121.37
[${ROUTINGKEY} INFO ] 2024-01-12 18:43:42.917 PaymentWindow:1041 - 121.37
[${ROUTINGKEY} INFO ] 2024-01-12 18:43:42.917 PaymentWindow:1043 - Cash Price Value is Same with the Digital Receipt Screen - 121.37
[${ROUTINGKEY} INFO ] 2024-01-12 18:44:04.218 OrderManagementScreen:940 - Tax Value is - $ 0.32
[${ROUTINGKEY} INFO ] 2024-01-12 18:44:04.236 OrderManagementScreen:1014 - Cash Price Value is SAME - $ 11.68
[${ROUTINGKEY} INFO ] 2024-01-12 18:44:04.256 OrderManagementScreen:726 - Cash Price is SAME - $ 10.25
[${ROUTINGKEY} INFO ] 2024-01-12 18:44:04.387 PaymentWindow:1135 - Fast Cash Value is SAME with cash price - $ 10.25
[${ROUTINGKEY} INFO ] 2024-01-12 18:44:04.460 PaymentWindow:1143 - Cash value is SAME - $ 10.25
[${ROUTINGKEY} INFO ] 2024-01-12 18:44:06.704 PaymentWindow:1041 - 10.25
[${ROUTINGKEY} INFO ] 2024-01-12 18:44:06.704 PaymentWindow:1043 - Cash Price Value is Same with the Digital Receipt Screen - 10.25
[${ROUTINGKEY} INFO ] 2024-01-12 18:44:27.963 OrderManagementScreen:940 - Tax Value is - $ 1.37
[${ROUTINGKEY} INFO ] 2024-01-12 18:44:27.998 OrderManagementScreen:1014 - Cash Price Value is SAME - $ 10.63
[${ROUTINGKEY} INFO ] 2024-01-12 18:44:28.045 OrderManagementScreen:726 - Cash Price is SAME - $ 9.33
[${ROUTINGKEY} INFO ] 2024-01-12 18:44:28.181 PaymentWindow:1135 - Fast Cash Value is SAME with cash price - $ 9.33
[${ROUTINGKEY} INFO ] 2024-01-12 18:44:28.254 PaymentWindow:1143 - Cash value is SAME - $ 9.33
[${ROUTINGKEY} INFO ] 2024-01-12 18:44:30.462 PaymentWindow:1041 - 9.33
[${ROUTINGKEY} INFO ] 2024-01-12 18:44:30.462 PaymentWindow:1043 - Cash Price Value is Same with the Digital Receipt Screen - 9.33
[${ROUTINGKEY} INFO ] 2024-01-12 18:44:51.439 MenuOptionScreen:343 - Open Discount Screen Is Visible
[${ROUTINGKEY} INFO ] 2024-01-12 18:44:51.962 OrderManagementScreen:940 - Tax Value is - $ 2.68
[${ROUTINGKEY} INFO ] 2024-01-12 18:44:52.004 OrderManagementScreen:1014 - Cash Price Value is SAME - $ 9.32
[${ROUTINGKEY} INFO ] 2024-01-12 18:44:52.036 OrderManagementScreen:726 - Cash Price is SAME - $ 8.18
[${ROUTINGKEY} INFO ] 2024-01-12 18:44:52.158 PaymentWindow:1135 - Fast Cash Value is SAME with cash price - $ 8.18
[${ROUTINGKEY} INFO ] 2024-01-12 18:44:52.219 PaymentWindow:1143 - Cash value is SAME - $ 8.18
[${ROUTINGKEY} INFO ] 2024-01-12 18:44:54.444 PaymentWindow:1041 - 8.18
[${ROUTINGKEY} INFO ] 2024-01-12 18:44:54.445 PaymentWindow:1043 - Cash Price Value is Same with the Digital Receipt Screen - 8.18
[${ROUTINGKEY} INFO ] 2024-01-12 18:45:15.766 OrderManagementScreen:940 - Tax Value is - $ 1.36
[${ROUTINGKEY} INFO ] 2024-01-12 18:45:15.791 OrderManagementScreen:1014 - Cash Price Value is SAME - $ 13.64
[${ROUTINGKEY} INFO ] 2024-01-12 18:45:15.815 OrderManagementScreen:726 - Cash Price is SAME - $ 11.97
[${ROUTINGKEY} INFO ] 2024-01-12 18:45:15.932 PaymentWindow:1135 - Fast Cash Value is SAME with cash price - $ 11.97
[${ROUTINGKEY} INFO ] 2024-01-12 18:45:16.001 PaymentWindow:1143 - Cash value is SAME - $ 11.97
[${ROUTINGKEY} INFO ] 2024-01-12 18:45:18.197 PaymentWindow:1041 - 11.97
[${ROUTINGKEY} INFO ] 2024-01-12 18:45:18.197 PaymentWindow:1043 - Cash Price Value is Same with the Digital Receipt Screen - 11.97
[${ROUTINGKEY} INFO ] 2024-01-12 18:45:39.592 OrderManagementScreen:940 - Tax Value is - $ 1.37
[${ROUTINGKEY} INFO ] 2024-01-12 18:45:39.628 OrderManagementScreen:1014 - Cash Price Value is SAME - $ 13.63
[${ROUTINGKEY} INFO ] 2024-01-12 18:45:39.668 OrderManagementScreen:726 - Cash Price is SAME - $ 11.96
[${ROUTINGKEY} INFO ] 2024-01-12 18:45:39.794 PaymentWindow:1135 - Fast Cash Value is SAME with cash price - $ 11.96
[${ROUTINGKEY} INFO ] 2024-01-12 18:45:39.879 PaymentWindow:1143 - Cash value is SAME - $ 11.96
[${ROUTINGKEY} INFO ] 2024-01-12 18:45:42.105 PaymentWindow:1041 - 11.96
[${ROUTINGKEY} INFO ] 2024-01-12 18:45:42.106 PaymentWindow:1043 - Cash Price Value is Same with the Digital Receipt Screen - 11.96
[${ROUTINGKEY} INFO ] 2024-01-12 18:46:03.310 MenuOptionScreen:343 - Open Discount Screen Is Visible
[${ROUTINGKEY} INFO ] 2024-01-12 18:46:03.870 OrderManagementScreen:940 - Tax Value is - $ 3.04
[${ROUTINGKEY} INFO ] 2024-01-12 18:46:03.911 OrderManagementScreen:1014 - Cash Price Value is SAME - $ 11.96
[${ROUTINGKEY} INFO ] 2024-01-12 18:46:03.956 OrderManagementScreen:726 - Cash Price is SAME - $ 10.49
[${ROUTINGKEY} INFO ] 2024-01-12 18:46:04.063 PaymentWindow:1135 - Fast Cash Value is SAME with cash price - $ 10.49
[${ROUTINGKEY} INFO ] 2024-01-12 18:46:04.125 PaymentWindow:1143 - Cash value is SAME - $ 10.49
[${ROUTINGKEY} INFO ] 2024-01-12 18:46:06.338 PaymentWindow:1041 - 10.49
[${ROUTINGKEY} INFO ] 2024-01-12 18:46:06.339 PaymentWindow:1043 - Cash Price Value is Same with the Digital Receipt Screen - 10.49
[${ROUTINGKEY} INFO ] 2024-01-12 18:46:27.647 OrderManagementScreen:940 - Tax Value is - $ 1.30
[${ROUTINGKEY} INFO ] 2024-01-12 18:46:27.690 OrderManagementScreen:1014 - Cash Price Value is SAME - $ 12.35
[${ROUTINGKEY} INFO ] 2024-01-12 18:46:27.731 OrderManagementScreen:726 - Cash Price is SAME - $ 10.84
[${ROUTINGKEY} INFO ] 2024-01-12 18:46:27.948 OrderManagementScreen:940 - Tax Value is - $ 6.50
[${ROUTINGKEY} INFO ] 2024-01-12 18:46:27.974 OrderManagementScreen:1014 - Cash Price Value is SAME - $ 65.00
[${ROUTINGKEY} INFO ] 2024-01-12 18:46:28.012 OrderManagementScreen:726 - Cash Price is SAME - $ 57.04
[${ROUTINGKEY} INFO ] 2024-01-12 18:46:28.220 OrderManagementScreen:940 - Tax Value is - $ 10.40
[${ROUTINGKEY} INFO ] 2024-01-12 18:46:28.284 OrderManagementScreen:1014 - Cash Price Value is SAME - $ 109.20
[${ROUTINGKEY} INFO ] 2024-01-12 18:46:28.315 OrderManagementScreen:726 - Cash Price is SAME - $ 95.82
[${ROUTINGKEY} INFO ] 2024-01-12 18:46:28.412 PaymentWindow:1135 - Fast Cash Value is SAME with cash price - $ 95.82
[${ROUTINGKEY} INFO ] 2024-01-12 18:46:28.464 PaymentWindow:1143 - Cash value is SAME - $ 95.82
[${ROUTINGKEY} INFO ] 2024-01-12 18:46:30.662 PaymentWindow:1041 - 95.82
[${ROUTINGKEY} INFO ] 2024-01-12 18:46:30.663 PaymentWindow:1043 - Cash Price Value is Same with the Digital Receipt Screen - 95.82
[${ROUTINGKEY} INFO ] 2024-01-12 18:46:51.907 OrderManagementScreen:940 - Tax Value is - $ 12.61
[${ROUTINGKEY} INFO ] 2024-01-12 18:46:51.948 OrderManagementScreen:1014 - Cash Price Value is SAME - $ 1.04
[${ROUTINGKEY} INFO ] 2024-01-12 18:46:51.988 OrderManagementScreen:726 - Cash Price is SAME - $ 0.91
[${ROUTINGKEY} INFO ] 2024-01-12 18:46:52.227 OrderManagementScreen:940 - Tax Value is - $ 64.61
[${ROUTINGKEY} INFO ] 2024-01-12 18:46:52.269 OrderManagementScreen:1014 - Cash Price Value is SAME - $ 6.89
[${ROUTINGKEY} INFO ] 2024-01-12 18:46:52.307 OrderManagementScreen:726 - Cash Price is SAME - $ 6.05
[${ROUTINGKEY} INFO ] 2024-01-12 18:46:52.532 OrderManagementScreen:940 - Tax Value is - $ 103.61
[${ROUTINGKEY} INFO ] 2024-01-12 18:46:52.559 OrderManagementScreen:1014 - Cash Price Value is SAME - $ 15.99
[${ROUTINGKEY} INFO ] 2024-01-12 18:46:52.584 OrderManagementScreen:726 - Cash Price is SAME - $ 14.03
[${ROUTINGKEY} INFO ] 2024-01-12 18:46:52.682 PaymentWindow:1135 - Fast Cash Value is SAME with cash price - $ 14.03
[${ROUTINGKEY} INFO ] 2024-01-12 18:46:52.744 PaymentWindow:1143 - Cash value is SAME - $ 14.03
[${ROUTINGKEY} INFO ] 2024-01-12 18:46:54.976 PaymentWindow:1041 - 14.03
[${ROUTINGKEY} INFO ] 2024-01-12 18:46:54.977 PaymentWindow:1043 - Cash Price Value is Same with the Digital Receipt Screen - 14.03
[${ROUTINGKEY} INFO ] 2024-01-12 18:47:16.148 MenuOptionScreen:343 - Open Discount Screen Is Visible
[${ROUTINGKEY} INFO ] 2024-01-12 18:47:16.690 OrderManagementScreen:940 - Tax Value is - $ 23.21
[${ROUTINGKEY} INFO ] 2024-01-12 18:47:16.715 OrderManagementScreen:1014 - Cash Price Value is SAME - $ 96.39
[${ROUTINGKEY} INFO ] 2024-01-12 18:47:16.737 OrderManagementScreen:726 - Cash Price is SAME - $ 84.58
[${ROUTINGKEY} INFO ] 2024-01-12 18:47:16.828 PaymentWindow:1135 - Fast Cash Value is SAME with cash price - $ 84.58
[${ROUTINGKEY} INFO ] 2024-01-12 18:47:16.887 PaymentWindow:1143 - Cash value is SAME - $ 84.58
[${ROUTINGKEY} INFO ] 2024-01-12 18:47:19.084 PaymentWindow:1041 - 84.58
[${ROUTINGKEY} INFO ] 2024-01-12 18:47:19.085 PaymentWindow:1043 - Cash Price Value is Same with the Digital Receipt Screen - 84.58
[${ROUTINGKEY} INFO ] 2024-01-12 18:47:40.534 CheckOptionsScreen:354 - Percentage value - 
[${ROUTINGKEY} INFO ] 2024-01-12 18:47:40.814 OrderManagementScreen:940 - Tax Value is - $ 0.30
[${ROUTINGKEY} INFO ] 2024-01-12 18:47:40.848 OrderManagementScreen:1092 - Gratuity Value is - $ 0.21
[${ROUTINGKEY} INFO ] 2024-01-12 18:47:40.916 OrderManagementScreen:1057 - Cash Price Value is SAME - $ 3.39
[${ROUTINGKEY} INFO ] 2024-01-12 18:47:40.957 OrderManagementScreen:726 - Cash Price is SAME - $ 3.00
[${ROUTINGKEY} INFO ] 2024-01-12 18:47:41.079 PaymentWindow:1135 - Fast Cash Value is SAME with cash price - $ 3.00
[${ROUTINGKEY} INFO ] 2024-01-12 18:47:41.129 PaymentWindow:1143 - Cash value is SAME - $ 3.00
[${ROUTINGKEY} INFO ] 2024-01-12 18:47:43.323 PaymentWindow:1041 - 3.00
[${ROUTINGKEY} INFO ] 2024-01-12 18:47:43.323 PaymentWindow:1043 - Cash Price Value is Same with the Digital Receipt Screen - 3.00
[${ROUTINGKEY} INFO ] 2024-01-12 18:48:04.847 CheckOptionsScreen:354 - Percentage value - 
[${ROUTINGKEY} INFO ] 2024-01-12 18:48:05.186 OrderManagementScreen:940 - Tax Value is - $ 3.09
[${ROUTINGKEY} INFO ] 2024-01-12 18:48:05.226 OrderManagementScreen:1092 - Gratuity Value is - $ 0.01
[${ROUTINGKEY} INFO ] 2024-01-12 18:48:05.296 OrderManagementScreen:1057 - Cash Price Value is SAME - $ 0.43
[${ROUTINGKEY} INFO ] 2024-01-12 18:48:05.325 OrderManagementScreen:726 - Cash Price is SAME - $ 0.38
[${ROUTINGKEY} INFO ] 2024-01-12 18:48:05.439 PaymentWindow:1135 - Fast Cash Value is SAME with cash price - $ 0.38
[${ROUTINGKEY} INFO ] 2024-01-12 18:48:05.505 PaymentWindow:1143 - Cash value is SAME - $ 0.38
[${ROUTINGKEY} INFO ] 2024-01-12 18:48:07.720 PaymentWindow:1041 - 0.38
[${ROUTINGKEY} INFO ] 2024-01-12 18:48:07.721 PaymentWindow:1043 - Cash Price Value is Same with the Digital Receipt Screen - 0.38
[${ROUTINGKEY} INFO ] 2024-01-12 18:48:28.819 MenuOptionScreen:343 - Open Discount Screen Is Visible
[${ROUTINGKEY} INFO ] 2024-01-12 18:48:29.527 CheckOptionsScreen:354 - Percentage value - 
[${ROUTINGKEY} INFO ] 2024-01-12 18:48:29.770 OrderManagementScreen:940 - Tax Value is - $ 0.66
[${ROUTINGKEY} INFO ] 2024-01-12 18:48:29.797 OrderManagementScreen:1092 - Gratuity Value is - $ 0.18
[${ROUTINGKEY} INFO ] 2024-01-12 18:48:29.835 OrderManagementScreen:1057 - Cash Price Value is SAME - $ 2.98
[${ROUTINGKEY} INFO ] 2024-01-12 18:48:29.854 OrderManagementScreen:726 - Cash Price is SAME - $ 2.64
[${ROUTINGKEY} INFO ] 2024-01-12 18:48:29.941 PaymentWindow:1135 - Fast Cash Value is SAME with cash price - $ 2.64
[${ROUTINGKEY} INFO ] 2024-01-12 18:48:29.994 PaymentWindow:1143 - Cash value is SAME - $ 2.64
[${ROUTINGKEY} INFO ] 2024-01-12 18:48:32.191 PaymentWindow:1041 - 2.64
[${ROUTINGKEY} INFO ] 2024-01-12 18:48:32.192 PaymentWindow:1043 - Cash Price Value is Same with the Digital Receipt Screen - 2.64
[${ROUTINGKEY} INFO ] 2024-01-12 18:49:41.755 OrderManagementScreen:1023 - Paid Amount Value is SAME - $ 0.00
[${ROUTINGKEY} INFO ] 2024-01-12 18:49:41.787 OrderManagementScreen:726 - Cash Price is SAME - $ 8.69
[${ROUTINGKEY} INFO ] 2024-01-12 18:49:41.940 PaymentWindow:1503 - Total is SAME with Balance Due Payment screen - $ 9.90
[${ROUTINGKEY} INFO ] 2024-01-12 18:49:43.996 PaymentWindow:257 - 9.90
[${ROUTINGKEY} INFO ] 2024-01-12 18:49:43.998 PaymentWindow:260 - Cash Price Value is Same with the Payment screen balance due amount  - 9.90
[${ROUTINGKEY} INFO ] 2024-01-12 18:49:44.087 cashOption:192 - Balance Amount - 9.90
[${ROUTINGKEY} INFO ] 2024-01-12 18:49:44.109 cashOption:195 - 9.90
[${ROUTINGKEY} INFO ] 2024-01-12 18:49:44.109 cashOption:197 - Balance Due Amount Same With Tip Screen Amount - 9.90
[${ROUTINGKEY} INFO ] 2024-01-12 18:49:44.413 OrderManagementScreen:1023 - Paid Amount Value is SAME - $ 9.90
[${ROUTINGKEY} INFO ] 2024-01-12 18:49:44.442 OrderManagementScreen:726 - Cash Price is SAME - $ 8.69
[${ROUTINGKEY} INFO ] 2024-01-12 18:49:45.768 Hooks:50 - Failed Scenario Name : LIN-22442- Dual pricing issue in amount differs in before and after the payments
[${ROUTINGKEY} INFO ] 2024-01-12 18:52:33.581 OrderManagementScreen:1023 - Paid Amount Value is SAME - $ 0.00
[${ROUTINGKEY} INFO ] 2024-01-12 18:52:33.618 Hooks:50 - Failed Scenario Name : LIN-22518 - In phone order out tab fast cash screen amount displaying wrongly
[${ROUTINGKEY} INFO ] 2024-01-12 18:54:11.854 OrderManagementScreen:1023 - Paid Amount Value is SAME - $ 0.00
[${ROUTINGKEY} INFO ] 2024-01-12 18:54:11.894 OrderManagementScreen:726 - Cash Price is SAME - $ 8.69
[${ROUTINGKEY} INFO ] 2024-01-12 18:54:19.301 PaymentWindow:1041 - 8.69
[${ROUTINGKEY} INFO ] 2024-01-12 18:54:19.302 PaymentWindow:1043 - Cash Price Value is Same with the Digital Receipt Screen - 8.69
[${ROUTINGKEY} INFO ] 2024-01-12 18:54:40.303 OrderManagementScreen:1023 - Paid Amount Value is SAME - $ 0.00
[${ROUTINGKEY} INFO ] 2024-01-12 18:54:40.342 OrderManagementScreen:726 - Cash Price is SAME - $ 10.53
[${ROUTINGKEY} INFO ] 2024-01-12 18:54:42.865 OrderManagementScreen:1023 - Paid Amount Value is SAME - $ 0.00
[${ROUTINGKEY} INFO ] 2024-01-12 18:54:42.905 OrderManagementScreen:726 - Cash Price is SAME - $ 10.53
[${ROUTINGKEY} INFO ] 2024-01-12 18:54:43.029 PaymentWindow:1503 - Total is SAME with Balance Due Payment screen - $ 12.00
[${ROUTINGKEY} INFO ] 2024-01-12 18:54:45.288 PaymentWindow:1041 - 10.53
[${ROUTINGKEY} INFO ] 2024-01-12 18:54:45.289 PaymentWindow:1043 - Cash Price Value is Same with the Digital Receipt Screen - 10.53
[${ROUTINGKEY} INFO ] 2024-01-12 18:54:57.982 OrderManagementScreen:1023 - Paid Amount Value is SAME - $ 10.53
[${ROUTINGKEY} INFO ] 2024-01-12 18:54:58.023 OrderManagementScreen:726 - Cash Price is SAME - $ 10.53
[${ROUTINGKEY} INFO ] 2024-01-12 18:55:07.371 OrderManagementScreen:1023 - Paid Amount Value is SAME - $ 10.53
[${ROUTINGKEY} INFO ] 2024-01-12 18:55:12.394 Hooks:50 - Failed Scenario Name : LIN-22822 - While adding the void item Balance due displaying with below scenario
[${ROUTINGKEY} INFO ] 2024-01-12 18:56:50.302 OrderManagementScreen:1023 - Paid Amount Value is SAME - $ 0.00
[${ROUTINGKEY} INFO ] 2024-01-12 18:56:50.330 OrderManagementScreen:726 - Cash Price is SAME - $ 10.53
